This is LuaHBTeX, Version 1.18.0 (TeX Live 2024)  (format=lualatex 2024.3.25)  19 JAN 2025 21:53
 restricted system commands enabled.
 file:line:error style messages enabled.
**"/Users/pranav/Documents/backup-local/First year/ESC102/Position Statement/main"
("/Users/pranav/Documents/backup-local/First year/ESC102/Position Statement/main.tex"
LaTeX2e <2023-11-01> patch level 1
L3 programming layer <2024-03-14>
Lua module: luaotfload 2024-02-14 3.28 Lua based OpenType font support
Lua module: lualibs 2023-07-13 2.76 ConTeXt Lua standard libraries.
Lua module: lualibs-extended 2023-07-13 2.76 ConTeXt Lua libraries -- extended collection.
luaotfload | conf : Root cache directory is "/Users/pranav/Library/texlive/2024/texmf-var/luatex-cache/generic/names".
luaotfload | init : Loading fontloader "fontloader-2023-12-28.lua" from kpse-resolved path "/usr/local/texlive/2024/texmf-dist/tex/luatex/luaotfload/fontloader-2023-12-28.lua".
Lua-only attribute luaotfload@noligature = 1
luaotfload | init : Context OpenType loader version 3.134
Inserting `luaotfload.node_processor' in `pre_linebreak_filter'.
Inserting `luaotfload.node_processor' in `hpack_filter'.
Inserting `luaotfload.glyph_stream' in `glyph_stream_provider'.
Inserting `luaotfload.define_font' in `define_font'.
Lua-only attribute luaotfload_color_attribute = 2
luaotfload | conf : Root cache directory is "/Users/pranav/Library/texlive/2024/texmf-var/luatex-cache/generic/names".
Inserting `luaotfload.harf.strip_prefix' in `find_opentype_file'.
Inserting `luaotfload.harf.strip_prefix' in `find_truetype_file'.
Removing  `luaotfload.glyph_stream' from `glyph_stream_provider'.
Inserting `luaotfload.harf.glyphstream' in `glyph_stream_provider'.
Inserting `luaotfload.harf.finalize_vlist' in `post_linebreak_filter'.
Inserting `luaotfload.harf.finalize_hlist' in `hpack_filter'.
Inserting `luaotfload.cleanup_files' in `wrapup_run'.
Inserting `luaotfload.harf.finalize_unicode' in `finish_pdffile'.
Inserting `luaotfload.glyphinfo' in `glyph_info'.
Lua-only attribute luaotfload.letterspace_done = 3
Inserting `luaotfload.aux.set_sscale_dimens' in `luaotfload.patch_font'.
Inserting `luaotfload.aux.set_font_index' in `luaotfload.patch_font'.
Inserting `luaotfload.aux.patch_cambria_domh' in `luaotfload.patch_font'.
Inserting `luaotfload.aux.fixup_fontdata' in `luaotfload.patch_font_unsafe'.
Inserting `luaotfload.aux.set_capheight' in `luaotfload.patch_font'.
Inserting `luaotfload.aux.set_xheight' in `luaotfload.patch_font'.
Inserting `luaotfload.rewrite_fontname' in `luaotfload.patch_font'.
Inserting `tracingstacklevels' in `input_level_string'. (./antiquebook.cls
Document Class: antiquebook 
(/usr/local/texlive/2024/texmf-dist/tex/latex/base/book.cls
Document Class: book 2023/05/17 v1.4n Standard LaTeX document class
(/usr/local/texlive/2024/texmf-dist/tex/latex/base/bk12.clo
File: bk12.clo 2023/05/17 v1.4n Standard LaTeX file (size option)
luaotfload | db : Font names database loaded from /Users/pranav/Library/texlive/2024/texmf-var/luatex-cache/generic/names/luaotfload-names.luc.gz)
\c@part=\count186
\c@chapter=\count187
\c@section=\count188
\c@subsection=\count189
\c@subsubsection=\count190
\c@paragraph=\count191
\c@subparagraph=\count192
\c@figure=\count193
\c@table=\count194
\abovecaptionskip=\skip48
\belowcaptionskip=\skip49
\bibindent=\dimen139
) (/usr/local/texlive/2024/texmf-dist/tex/latex/amsmath/amsmath.sty
Package: amsmath 2023/05/13 v2.17o AMS math features
\@mathmargin=\skip50

For additional information on amsmath, use the `?' option.
(/usr/local/texlive/2024/texmf-dist/tex/latex/amsmath/amstext.sty
Package: amstext 2021/08/26 v2.01 AMS text
 (/usr/local/texlive/2024/texmf-dist/tex/latex/amsmath/amsgen.sty
File: amsgen.sty 1999/11/30 v2.0 generic functions
\@emptytoks=\toks17
\ex@=\dimen140
)) (/usr/local/texlive/2024/texmf-dist/tex/latex/amsmath/amsbsy.sty
Package: amsbsy 1999/11/29 v1.2d Bold Symbols
\pmbraise@=\dimen141
) (/usr/local/texlive/2024/texmf-dist/tex/latex/amsmath/amsopn.sty
Package: amsopn 2022/04/08 v2.04 operator names
)
\inf@bad=\count195
LaTeX Info: Redefining \frac on input line 236.
\uproot@=\count196
\leftroot@=\count197
LaTeX Info: Redefining \overline on input line 399.
LaTeX Info: Redefining \colon on input line 410.
\classnum@=\count198
\DOTSCASE@=\count199
LaTeX Info: Redefining \ldots on input line 496.
LaTeX Info: Redefining \dots on input line 499.
LaTeX Info: Redefining \cdots on input line 620.
\Mathstrutbox@=\box51
\strutbox@=\box52
LaTeX Info: Redefining \big on input line 722.
LaTeX Info: Redefining \Big on input line 723.
LaTeX Info: Redefining \bigg on input line 724.
LaTeX Info: Redefining \Bigg on input line 725.
\big@size=\dimen142
LaTeX Font Info:    Redeclaring font encoding OML on input line 743.
LaTeX Font Info:    Redeclaring font encoding OMS on input line 744.
\macc@depth=\count266
LaTeX Info: Redefining \bmod on input line 905.
LaTeX Info: Redefining \pmod on input line 910.
LaTeX Info: Redefining \smash on input line 940.
LaTeX Info: Redefining \relbar on input line 970.
LaTeX Info: Redefining \Relbar on input line 971.
\c@MaxMatrixCols=\count267
\dotsspace@=\muskip16
\c@parentequation=\count268
\dspbrk@lvl=\count269
\tag@help=\toks18
\row@=\count270
\column@=\count271
\maxfields@=\count272
\andhelp@=\toks19
\eqnshift@=\dimen143
\alignsep@=\dimen144
\tagshift@=\dimen145
\tagwidth@=\dimen146
\totwidth@=\dimen147
\lineht@=\dimen148
\@envbody=\toks20
\multlinegap=\skip51
\multlinetaggap=\skip52
\mathdisplay@stack=\toks21
LaTeX Info: Redefining \[ on input line 2953.
LaTeX Info: Redefining \] on input line 2954.
) (/usr/local/texlive/2024/texmf-dist/tex/latex/amsfonts/amssymb.sty
Package: amssymb 2013/01/14 v3.01 AMS font symbols
 (/usr/local/texlive/2024/texmf-dist/tex/latex/amsfonts/amsfonts.sty
Package: amsfonts 2013/01/14 v3.01 Basic AMSFonts support
\symAMSa=\mathgroup4
\symAMSb=\mathgroup5
LaTeX Font Info:    Redeclaring math symbol \hbar on input line 98.
LaTeX Font Info:    Overwriting math alphabet `\mathfrak' in version `bold'
(Font)                  U/euf/m/n --> U/euf/b/n on input line 106.
)) (/usr/local/texlive/2024/texmf-dist/tex/latex/amscls/amsthm.sty
Package: amsthm 2020/05/29 v2.20.6
\thm@style=\toks22
\thm@bodyfont=\toks23
\thm@headfont=\toks24
\thm@notefont=\toks25
\thm@headpunct=\toks26
\thm@preskip=\skip53
\thm@postskip=\skip54
\thm@headsep=\skip55
\dth@everypar=\toks27
) (/usr/local/texlive/2024/texmf-dist/tex/latex/etoolbox/etoolbox.sty
Package: etoolbox 2020/10/05 v2.5k e-TeX tools for LaTeX (JAW)
\etb@tempcnta=\count273
) (/usr/local/texlive/2024/texmf-dist/tex/latex/geometry/geometry.sty
Package: geometry 2020/01/02 v5.9 Page Geometry
 (/usr/local/texlive/2024/texmf-dist/tex/latex/graphics/keyval.sty
Package: keyval 2022/05/29 v1.15 key=value parser (DPC)
\KV@toks@=\toks28
) (/usr/local/texlive/2024/texmf-dist/tex/generic/iftex/ifvtex.sty
Package: ifvtex 2019/10/25 v1.7 ifvtex legacy package. Use iftex instead.
 (/usr/local/texlive/2024/texmf-dist/tex/generic/iftex/iftex.sty
Package: iftex 2022/02/03 v1.0f TeX engine tests
))
\Gm@cnth=\count274
\Gm@cntv=\count275
\c@Gm@tempcnt=\count276
\Gm@bindingoffset=\dimen149
\Gm@wd@mp=\dimen150
\Gm@odd@mp=\dimen151
\Gm@even@mp=\dimen152
\Gm@layoutwidth=\dimen153
\Gm@layoutheight=\dimen154
\Gm@layouthoffset=\dimen155
\Gm@layoutvoffset=\dimen156
\Gm@dimlist=\toks29
) (/usr/local/texlive/2024/texmf-dist/tex/latex/xcolor/xcolor.sty
Package: xcolor 2023/11/15 v3.01 LaTeX color extensions (UK)
 (/usr/local/texlive/2024/texmf-dist/tex/latex/graphics-cfg/color.cfg
File: color.cfg 2016/01/02 v1.6 sample color configuration
)
Package xcolor Info: Driver file: luatex.def on input line 274.
 (/usr/local/texlive/2024/texmf-dist/tex/latex/graphics-def/luatex.def
File: luatex.def 2022/09/22 v1.2d Graphics/color driver for luatex
) (/usr/local/texlive/2024/texmf-dist/tex/latex/graphics/mathcolor.ltx)
Package xcolor Info: Model `cmy' substituted by `cmy0' on input line 1350.
Package xcolor Info: Model `hsb' substituted by `rgb' on input line 1354.
Package xcolor Info: Model `RGB' extended on input line 1366.
Package xcolor Info: Model `HTML' substituted by `rgb' on input line 1368.
Package xcolor Info: Model `Hsb' substituted by `hsb' on input line 1369.
Package xcolor Info: Model `tHsb' substituted by `hsb' on input line 1370.
Package xcolor Info: Model `HSB' substituted by `hsb' on input line 1371.
Package xcolor Info: Model `Gray' substituted by `gray' on input line 1372.
Package xcolor Info: Model `wave' substituted by `hsb' on input line 1373.
) (/usr/local/texlive/2024/texmf-dist/tex/latex/fancyhdr/fancyhdr.sty
Package: fancyhdr 2022/11/09 v4.1 Extensive control of page headers and footers
\f@nch@headwidth=\skip56
\f@nch@O@elh=\skip57
\f@nch@O@erh=\skip58
\f@nch@O@olh=\skip59
\f@nch@O@orh=\skip60
\f@nch@O@elf=\skip61
\f@nch@O@erf=\skip62
\f@nch@O@olf=\skip63
\f@nch@O@orf=\skip64
) (/usr/local/texlive/2024/texmf-dist/tex/latex/titlesec/titletoc.sty
Package: titletoc 2023/10/27 v2.16 TOC entries
\ttl@leftsep=\dimen157
) (/usr/local/texlive/2024/texmf-dist/tex/latex/tocloft/tocloft.sty
Package: tocloft 2017/08/31 v2.3i parameterised ToC, etc., typesetting
Package tocloft Info: The document has chapter divisions on input line 51.
\cftparskip=\skip65
\cftbeforetoctitleskip=\skip66
\cftaftertoctitleskip=\skip67
\cftbeforepartskip=\skip68
\cftpartnumwidth=\skip69
\cftpartindent=\skip70
\cftbeforechapskip=\skip71
\cftchapindent=\skip72
\cftchapnumwidth=\skip73
\cftbeforesecskip=\skip74
\cftsecindent=\skip75
\cftsecnumwidth=\skip76
\cftbeforesubsecskip=\skip77
\cftsubsecindent=\skip78
\cftsubsecnumwidth=\skip79
\cftbeforesubsubsecskip=\skip80
\cftsubsubsecindent=\skip81
\cftsubsubsecnumwidth=\skip82
\cftbeforeparaskip=\skip83
\cftparaindent=\skip84
\cftparanumwidth=\skip85
\cftbeforesubparaskip=\skip86
\cftsubparaindent=\skip87
\cftsubparanumwidth=\skip88
\cftbeforeloftitleskip=\skip89
\cftafterloftitleskip=\skip90
\cftbeforefigskip=\skip91
\cftfigindent=\skip92
\cftfignumwidth=\skip93
\c@lofdepth=\count277
\c@lotdepth=\count278
\cftbeforelottitleskip=\skip94
\cftafterlottitleskip=\skip95
\cftbeforetabskip=\skip96
\cfttabindent=\skip97
\cfttabnumwidth=\skip98
) (/usr/local/texlive/2024/texmf-dist/tex/latex/fmtcount/fmtcount.sty
Package: fmtcount 2020/01/30 v3.07
 (/usr/local/texlive/2024/texmf-dist/tex/latex/base/ifthen.sty
Package: ifthen 2022/04/13 v1.1d Standard LaTeX ifthen package (DPC)
) (/usr/local/texlive/2024/texmf-dist/tex/latex/xkeyval/xkeyval.sty
Package: xkeyval 2022/06/16 v2.9 package option processing (HA)
 (/usr/local/texlive/2024/texmf-dist/tex/generic/xkeyval/xkeyval.tex (/usr/local/texlive/2024/texmf-dist/tex/generic/xkeyval/xkvutils.tex
\XKV@toks=\toks30
\XKV@tempa@toks=\toks31
)
\XKV@depth=\count279
File: xkeyval.tex 2014/12/03 v2.7a key=value parser (HA)
)) (/usr/local/texlive/2024/texmf-dist/tex/latex/fmtcount/fcprefix.sty
Package: fcprefix 2012/09/28
 (/usr/local/texlive/2024/texmf-dist/tex/latex/fmtcount/fcnumparser.sty
Package: fcnumparser 2017/06/15
\fc@digit@counter=\count280
))
\c@padzeroesN=\count281
\fc@tmpcatcode=\count282
\@DT@modctr=\count283
\@ordinalctr=\count284
\@orgargctr=\count285
\@strctr=\count286
\@tmpstrctr=\count287
\@DT@loopN=\count288
\@DT@X=\count289
) (/usr/local/texlive/2024/texmf-dist/tex/latex/hyperref/hyperref.sty
Package: hyperref 2024-01-20 v7.01h Hypertext links for LaTeX
 (/usr/local/texlive/2024/texmf-dist/tex/latex/kvsetkeys/kvsetkeys.sty
Package: kvsetkeys 2022-10-05 v1.19 Key value parser (HO)
) (/usr/local/texlive/2024/texmf-dist/tex/generic/kvdefinekeys/kvdefinekeys.sty
Package: kvdefinekeys 2019-12-19 v1.6 Define keys (HO)
) (/usr/local/texlive/2024/texmf-dist/tex/generic/pdfescape/pdfescape.sty
Package: pdfescape 2019/12/09 v1.15 Implements pdfTeX's escape features (HO)
 (/usr/local/texlive/2024/texmf-dist/tex/generic/ltxcmds/ltxcmds.sty
Package: ltxcmds 2023-12-04 v1.26 LaTeX kernel commands for general use (HO)
) (/usr/local/texlive/2024/texmf-dist/tex/generic/pdftexcmds/pdftexcmds.sty
Package: pdftexcmds 2020-06-27 v0.33 Utility functions of pdfTeX for LuaTeX (HO)
 (/usr/local/texlive/2024/texmf-dist/tex/generic/infwarerr/infwarerr.sty
Package: infwarerr 2019/12/03 v1.5 Providing info/warning/error messages (HO)
)
Package pdftexcmds Info: \pdf@primitive is available.
Package pdftexcmds Info: \pdf@ifprimitive is available.
Package pdftexcmds Info: \pdfdraftmode found.
\pdftexcmds@toks=\toks32
)) (/usr/local/texlive/2024/texmf-dist/tex/latex/hycolor/hycolor.sty
Package: hycolor 2020-01-27 v1.10 Color options for hyperref/bookmark (HO)
) (/usr/local/texlive/2024/texmf-dist/tex/latex/auxhook/auxhook.sty
Package: auxhook 2019-12-17 v1.6 Hooks for auxiliary files (HO)
) (/usr/local/texlive/2024/texmf-dist/tex/latex/hyperref/nameref.sty
Package: nameref 2023-11-26 v2.56 Cross-referencing by name of section
 (/usr/local/texlive/2024/texmf-dist/tex/latex/refcount/refcount.sty
Package: refcount 2019/12/15 v3.6 Data extraction from label references (HO)
) (/usr/local/texlive/2024/texmf-dist/tex/generic/gettitlestring/gettitlestring.sty
Package: gettitlestring 2019/12/15 v1.6 Cleanup title references (HO)
 (/usr/local/texlive/2024/texmf-dist/tex/latex/kvoptions/kvoptions.sty
Package: kvoptions 2022-06-15 v3.15 Key value format for package options (HO)
))
\c@section@level=\count290
)
\@linkdim=\dimen158
\Hy@linkcounter=\count291
\Hy@pagecounter=\count292
 (/usr/local/texlive/2024/texmf-dist/tex/latex/hyperref/pd1enc.def
File: pd1enc.def 2024-01-20 v7.01h Hyperref: PDFDocEncoding definition (HO)
) (/usr/local/texlive/2024/texmf-dist/tex/generic/intcalc/intcalc.sty
Package: intcalc 2019/12/15 v1.3 Expandable calculations with integers (HO)
)
\Hy@SavedSpaceFactor=\count293
 (/usr/local/texlive/2024/texmf-dist/tex/latex/hyperref/puenc.def
File: puenc.def 2024-01-20 v7.01h Hyperref: PDF Unicode definition (HO)
)
Package hyperref Info: Hyper figures OFF on input line 4179.
Package hyperref Info: Link nesting OFF on input line 4184.
Package hyperref Info: Hyper index ON on input line 4187.
Package hyperref Info: Plain pages OFF on input line 4194.
Package hyperref Info: Backreferencing OFF on input line 4199.
Package hyperref Info: Implicit mode ON; LaTeX internals redefined.
Package hyperref Info: Bookmarks ON on input line 4446.
\c@Hy@tempcnt=\count294
 (/usr/local/texlive/2024/texmf-dist/tex/latex/url/url.sty
\Urlmuskip=\muskip17
Package: url 2013/09/16  ver 3.4  Verb mode for urls, etc.
)
LaTeX Info: Redefining \url on input line 4784.
\XeTeXLinkMargin=\dimen159
 (/usr/local/texlive/2024/texmf-dist/tex/generic/bitset/bitset.sty
Package: bitset 2019/12/09 v1.3 Handle bit-vector datatype (HO)
 (/usr/local/texlive/2024/texmf-dist/tex/generic/bigintcalc/bigintcalc.sty
Package: bigintcalc 2019/12/15 v1.5 Expandable calculations on big integers (HO)
))
\Fld@menulength=\count295
\Field@Width=\dimen160
\Fld@charsize=\dimen161
Package hyperref Info: Hyper figures OFF on input line 6063.
Package hyperref Info: Link nesting OFF on input line 6068.
Package hyperref Info: Hyper index ON on input line 6071.
Package hyperref Info: backreferencing OFF on input line 6078.
Package hyperref Info: Link coloring OFF on input line 6083.
Package hyperref Info: Link coloring with OCG OFF on input line 6088.
Package hyperref Info: PDF/A mode OFF on input line 6093.
 (/usr/local/texlive/2024/texmf-dist/tex/latex/base/atbegshi-ltx.sty
Package: atbegshi-ltx 2021/01/10 v1.0c Emulation of the original atbegshi
package with kernel methods
)
\Hy@abspage=\count296
\c@Item=\count297
\c@Hfootnote=\count298
)
Package hyperref Info: Driver (autodetected): hluatex.
 (/usr/local/texlive/2024/texmf-dist/tex/latex/hyperref/hluatex.def
File: hluatex.def 2024-01-20 v7.01h Hyperref driver for luaTeX
 (/usr/local/texlive/2024/texmf-dist/tex/generic/stringenc/stringenc.sty
Package: stringenc 2019/11/29 v1.12 Convert strings between diff. encodings (HO)
) (/usr/local/texlive/2024/texmf-dist/tex/latex/base/atveryend-ltx.sty
Package: atveryend-ltx 2020/08/19 v1.0a Emulation of the original atveryend package
with kernel methods
)
\Fld@listcount=\count299
\c@bookmark@seq@number=\count300
 (/usr/local/texlive/2024/texmf-dist/tex/latex/rerunfilecheck/rerunfilecheck.sty
Package: rerunfilecheck 2022-07-10 v1.10 Rerun checks for auxiliary files (HO)
 (/usr/local/texlive/2024/texmf-dist/tex/generic/uniquecounter/uniquecounter.sty
Package: uniquecounter 2019/12/15 v1.4 Provide unlimited unique counter (HO)
)
Package uniquecounter Info: New unique counter `rerunfilecheck' on input line 285.
)
\Hy@SectionHShift=\skip99
) (/usr/local/texlive/2024/texmf-dist/tex/latex/titlesec/titlesec.sty
Package: titlesec 2023/10/27 v2.16 Sectioning titles
\ttl@box=\box53
\beforetitleunit=\skip100
\aftertitleunit=\skip101
\ttl@plus=\dimen162
\ttl@minus=\dimen163
\ttl@toksa=\toks33
\titlewidth=\dimen164
\titlewidthlast=\dimen165
\titlewidthfirst=\dimen166
) (/usr/local/texlive/2024/texmf-dist/tex/latex/xifthen/xifthen.sty
Package: xifthen 2015/11/05 v1.4.0 Extended ifthen features
 (/usr/local/texlive/2024/texmf-dist/tex/latex/tools/calc.sty
Package: calc 2023/07/08 v4.3 Infix arithmetic (KKT,FJ)
\calc@Acount=\count301
\calc@Bcount=\count302
\calc@Adimen=\dimen167
\calc@Bdimen=\dimen168
\calc@Askip=\skip102
\calc@Bskip=\skip103
LaTeX Info: Redefining \setlength on input line 80.
LaTeX Info: Redefining \addtolength on input line 81.
\calc@Ccount=\count303
\calc@Cskip=\skip104
) (/usr/local/texlive/2024/texmf-dist/tex/latex/ifmtarg/ifmtarg.sty
Package: ifmtarg 2018/04/16 v1.2b check for an empty argument
)) (/usr/local/texlive/2024/texmf-dist/tex/latex/authoraftertitle/authoraftertitle.sty
Package: authoraftertitle 2020/07/20 v1.0 package for Author after Titlepage
) (/usr/local/texlive/2024/texmf-dist/tex/latex/unicode-math/unicode-math.sty (/usr/local/texlive/2024/texmf-dist/tex/latex/l3kernel/expl3.sty
Package: expl3 2024-03-14 L3 programming layer (loader) 
 (/usr/local/texlive/2024/texmf-dist/tex/latex/l3backend/l3backend-luatex.def
File: l3backend-luatex.def 2024-03-14 L3 backend support: PDF output (LuaTeX)
\l__color_backend_stack_int=\count304
Inserting `l3color' in `luaotfload.parse_color'.
\l__pdf_internal_box=\box54
))
Package: unicode-math 2023/08/13 v0.8r Unicode maths in XeLaTeX and LuaLaTeX
 (/usr/local/texlive/2024/texmf-dist/tex/latex/unicode-math/unicode-math-luatex.sty
Package: unicode-math-luatex 2023/08/13 v0.8r Unicode maths in XeLaTeX and LuaLaTeX
 (/usr/local/texlive/2024/texmf-dist/tex/latex/l3packages/xparse/xparse.sty
Package: xparse 2024-03-14 L3 Experimental document command parser
) (/usr/local/texlive/2024/texmf-dist/tex/latex/l3packages/l3keys2e/l3keys2e.sty
Package: l3keys2e 2024-03-14 LaTeX2e option processing using LaTeX3 keys
) (/usr/local/texlive/2024/texmf-dist/tex/latex/fontspec/fontspec.sty
Package: fontspec 2024/02/13 v2.9a Font selection for XeLaTeX and LuaLaTeX
Lua module: fontspec 2024/02/13 2.9a Font selection for XeLaTeX and LuaLaTeX (/usr/local/texlive/2024/texmf-dist/tex/latex/fontspec/fontspec-luatex.sty
Package: fontspec-luatex 2024/02/13 v2.9a Font selection for XeLaTeX and LuaLaTeX
\l__fontspec_script_int=\count305
\l__fontspec_language_int=\count306
\l__fontspec_strnum_int=\count307
\l__fontspec_tmp_int=\count308
\l__fontspec_tmpa_int=\count309
\l__fontspec_tmpb_int=\count310
\l__fontspec_tmpc_int=\count311
\l__fontspec_em_int=\count312
\l__fontspec_emdef_int=\count313
\l__fontspec_strong_int=\count314
\l__fontspec_strongdef_int=\count315
\l__fontspec_tmpa_dim=\dimen169
\l__fontspec_tmpb_dim=\dimen170
\l__fontspec_tmpc_dim=\dimen171
 (/usr/local/texlive/2024/texmf-dist/tex/latex/base/fontenc.sty
Package: fontenc 2021/04/29 v2.0v Standard LaTeX package
) (/usr/local/texlive/2024/texmf-dist/tex/latex/fontspec/fontspec.cfg))) (/usr/local/texlive/2024/texmf-dist/tex/latex/base/fix-cm.sty
Package: fix-cm 2020/11/24 v1.1t fixes to LaTeX
 (/usr/local/texlive/2024/texmf-dist/tex/latex/base/ts1enc.def
File: ts1enc.def 2001/06/05 v3.0e (jk/car/fm) Standard LaTeX file
LaTeX Font Info:    Redeclaring font encoding TS1 on input line 47.
)) (/usr/local/texlive/2024/texmf-dist/tex/lualatex/lualatex-math/lualatex-math.sty
Package: lualatex-math 2022/01/01 v1.12 Patches for mathematics typesetting with LuaLaTeX
Lua module: lualatex-math 2013/08/03 1.3 Patches for mathematics typesetting with LuaLaTeX)
\g__um_fam_int=\count316
\g__um_fonts_used_int=\count317
\l__um_primecount_int=\count318
\g__um_primekern_muskip=\muskip18
 (/usr/local/texlive/2024/texmf-dist/tex/latex/unicode-math/unicode-math-table.tex)))
luaotfload | aux : font no 18 (nil) defines no feature for script latn
luaotfload | aux : font no 18 (nil) defines no feature for script dflt

Package fontspec Info: CenturymodernTT-Regular scale = 1.1.


Package fontspec Info: CenturymodernTT-Regular scale = 1.1.


Package fontspec Info: CenturymodernTT-SC scale = 1.1.


Package fontspec Info: CenturymodernTT-Regular scale = 1.1.


Package fontspec Info: CenturymodernTT-SC scale = 1.1.


Package fontspec Info: CenturymodernTT-Italic scale = 1.1.


Package fontspec Info: CenturymodernTT-SC scale = 1.1.


Package fontspec Info: CenturymodernTT-Italic scale = 1.1.


Package fontspec Info: CenturymodernTT-SC scale = 1.1.


Package fontspec Info: Font family 'CenturymodernTT-Regular.otf(0)' created
(fontspec)             for font 'CenturymodernTT-Regular.otf' with options
(fontspec)             [Ligatures=TeX,ItalicFont=CenturymodernTT-Italic.otf,BoldItalicFont=CenturymodernTT-Italic.otf,SmallCapsFont={CenturymodernTT-SC.otf},BoldFont=CenturymodernTT-Regular.otf,BoldFeatures={SmallCapsFeatures={FakeBold=2},
(fontspec)             FakeBold=2},BoldItalicFeatures={FakeBold=2},Scale=1.1,FakeStretch=1.].
(fontspec)              
(fontspec)              This font family consists of the following NFSS
(fontspec)             series/shapes:
(fontspec)              
(fontspec)             - 'normal' (m/n) with NFSS spec.:
(fontspec)             <->s*[1.1]"[CenturymodernTT-Regular.otf]:mode=node;language=dflt;extend=1.;+tlig;"
(fontspec)             - 'small caps'  (m/sc) with NFSS spec.:
(fontspec)             <->s*[1.1]"[CenturymodernTT-SC.otf]:mode=node;language=dflt;extend=1.;+tlig;"
(fontspec)             - 'bold' (b/n) with NFSS spec.:
(fontspec)             <->s*[1.1]"[CenturymodernTT-Regular.otf]:mode=node;language=dflt;extend=1.;embolden=2;+tlig;"
(fontspec)             - 'bold small caps'  (b/sc) with NFSS spec.:
(fontspec)             <->s*[1.1]"[CenturymodernTT-SC.otf]:mode=node;language=dflt;extend=1.;embolden=2;embolden=2;+tlig;"
(fontspec)             - 'italic' (m/it) with NFSS spec.:
(fontspec)             <->s*[1.1]"[CenturymodernTT-Italic.otf]:mode=node;language=dflt;extend=1.;+tlig;"
(fontspec)             - 'italic small caps'  (m/scit) with NFSS spec.:
(fontspec)             <->s*[1.1]"[CenturymodernTT-SC.otf]:mode=node;language=dflt;extend=1.;+tlig;"
(fontspec)             - 'bold italic' (b/it) with NFSS spec.:
(fontspec)             <->s*[1.1]"[CenturymodernTT-Italic.otf]:mode=node;language=dflt;extend=1.;embolden=2;+tlig;"
(fontspec)             - 'bold italic small caps'  (b/scit) with NFSS spec.:
(fontspec)             <->s*[1.1]"[CenturymodernTT-SC.otf]:mode=node;language=dflt;extend=1.;embolden=2;+tlig;"

luaotfload | aux : font no 22 (nil) defines no feature for script latn
luaotfload | aux : font no 22 (nil) defines no feature for script dflt

Package fontspec Info: CenturymodernTT-Regular scale = 1.1.


Package fontspec Info: CenturymodernTT-Regular scale = 1.1.


Package fontspec Info: CenturymodernTT-SC scale = 1.1.


Package fontspec Info: CenturymodernTT-Regular scale = 1.1.


Package fontspec Info: CenturymodernTT-SC scale = 1.1.


Package fontspec Info: CenturymodernTT-Italic scale = 1.1.


Package fontspec Info: CenturymodernTT-SC scale = 1.1.


Package fontspec Info: CenturymodernTT-Italic scale = 1.1.


Package fontspec Info: CenturymodernTT-SC scale = 1.1.


Package fontspec Info: Font family 'CenturymodernTT-Regular.otf(1)' created
(fontspec)             for font 'CenturymodernTT-Regular.otf' with options
(fontspec)             [Renderer=Basic,ItalicFont=CenturymodernTT-Italic.otf,BoldItalicFont=CenturymodernTT-Italic.otf,SmallCapsFont={CenturymodernTT-SC.otf},BoldFont=CenturymodernTT-Regular.otf,BoldFeatures={SmallCapsFeatures={FakeBold=2},
(fontspec)             FakeBold=2},BoldItalicFeatures={FakeBold=2},Scale=1.1,FakeStretch=1.].
(fontspec)              
(fontspec)              This font family consists of the following NFSS
(fontspec)             series/shapes:
(fontspec)              
(fontspec)             - 'normal' (m/n) with NFSS spec.:
(fontspec)             <->s*[1.1]"[CenturymodernTT-Regular.otf]:mode=base;language=dflt;extend=1.;"
(fontspec)             - 'small caps'  (m/sc) with NFSS spec.:
(fontspec)             <->s*[1.1]"[CenturymodernTT-SC.otf]:mode=base;language=dflt;extend=1.;"
(fontspec)             - 'bold' (b/n) with NFSS spec.:
(fontspec)             <->s*[1.1]"[CenturymodernTT-Regular.otf]:mode=base;language=dflt;extend=1.;embolden=2;"
(fontspec)             - 'bold small caps'  (b/sc) with NFSS spec.:
(fontspec)             <->s*[1.1]"[CenturymodernTT-SC.otf]:mode=base;language=dflt;extend=1.;embolden=2;embolden=2;"
(fontspec)             - 'italic' (m/it) with NFSS spec.:
(fontspec)             <->s*[1.1]"[CenturymodernTT-Italic.otf]:mode=base;language=dflt;extend=1.;"
(fontspec)             - 'italic small caps'  (m/scit) with NFSS spec.:
(fontspec)             <->s*[1.1]"[CenturymodernTT-SC.otf]:mode=base;language=dflt;extend=1.;"
(fontspec)             - 'bold italic' (b/it) with NFSS spec.:
(fontspec)             <->s*[1.1]"[CenturymodernTT-Italic.otf]:mode=base;language=dflt;extend=1.;embolden=2;"
(fontspec)             - 'bold italic small caps'  (b/scit) with NFSS spec.:
(fontspec)             <->s*[1.1]"[CenturymodernTT-SC.otf]:mode=base;language=dflt;extend=1.;embolden=2;"

LaTeX Font Info:    Overwriting math alphabet `\mathrm' in version `normal'
(Font)                  OT1/cmr/m/n --> TU/CenturymodernTT-Regular.otf(1)/m/n on input line 49.
LaTeX Font Info:    Overwriting math alphabet `\mathit' in version `normal'
(Font)                  OT1/cmr/m/it --> TU/CenturymodernTT-Regular.otf(1)/m/it on input line 49.
LaTeX Font Info:    Overwriting math alphabet `\mathbf' in version `normal'
(Font)                  OT1/cmr/bx/n --> TU/CenturymodernTT-Regular.otf(1)/b/n on input line 49.
LaTeX Font Info:    Font shape `TU/CenturymodernTT-Regular.otf(0)/m/n' will be
(Font)              scaled to size 13.20007pt on input line 49.
 (/usr/local/texlive/2024/texmf-dist/tex/latex/newcomputermodern/NewCMSans10-Book.fontspec)

Package fontspec Info: NewCMSans10-Book scale = 1.1.


Package fontspec Info: NewCMSans08-Book scale = 1.1.


Package fontspec Info: NewCMSans08-Book scale = 1.1.


Package fontspec Info: NewCMSans08-Book scale = 1.1.


Package fontspec Info: NewCMSans08-Book scale = 1.1.


Package fontspec Info: NewCMSans10-Book scale = 1.1.


Package fontspec Info: NewCMSans10-Book scale = 1.1.


Package fontspec Info: Font family 'NewCMSans10-Book.otf(0)' created for font
(fontspec)             'NewCMSans10-Book.otf' with options
(fontspec)             [Ligatures=TeX,Extension = .otf,SizeFeatures={{Size=
(fontspec)             -8,
(fontspec)             Font=NewCMSans08-Book,ItalicFont=NewCMSans08-BookOblique,BoldFont=NewCMSans10-Bold,BoldItalicFont=NewCMSans10-BoldOblique,SmallCapsFeatures={Numbers=OldStyle}},
(fontspec)             {Size= 8,
(fontspec)             Font=NewCMSans08-Book,ItalicFont=NewCMSans08-BookOblique,BoldFont=NewCMSans10-Bold,BoldItalicFont=NewCMSans10-BoldOblique,SmallCapsFeatures={Numbers=OldStyle}},
(fontspec)             {Size= 9-,
(fontspec)             Font=NewCMSans10-Book,ItalicFont=NewCMSans10-BookOblique,BoldFont=NewCMSans10-Bold,BoldItalicFont=NewCMSans10-BoldOblique,SmallCapsFeatures={Numbers=OldStyle}}
(fontspec)             },Scale=1.1,FakeStretch=1.].
(fontspec)              
(fontspec)              This font family consists of the following NFSS
(fontspec)             series/shapes:
(fontspec)              
(fontspec)             - 'normal' (m/n) with NFSS spec.:
(fontspec)             <-8>s*[1.1]"[NewCMSans08-Book.otf]:mode=node;script=latn;language=dflt;extend=1.;+tlig;"<8>s*[1.1]"[NewCMSans08-Book.otf]:mode=node;script=latn;language=dflt;extend=1.;+tlig;"<9->s*[1.1]"[NewCMSans10-Book.otf]:mode=node;script=latn;language=dflt;extend=1.;+tlig;"
(fontspec)             - 'small caps'  (m/sc) with NFSS spec.:
(fontspec)             <-8>s*[1.1]"[NewCMSans08-Book.otf]:mode=node;script=latn;language=dflt;extend=1.;+tlig;+smcp;+onum;"<8>s*[1.1]"[NewCMSans08-Book.otf]:mode=node;script=latn;language=dflt;extend=1.;+tlig;+smcp;+onum;"<9->s*[1.1]"[NewCMSans10-Book.otf]:mode=node;script=latn;language=dflt;extend=1.;+tlig;+smcp;+onum;"


Package fontspec Info: NewCMSans10-Book scale = 1.1.


Package fontspec Info: NewCMSans08-Book scale = 1.1.


Package fontspec Info: NewCMSans08-Book scale = 1.1.


Package fontspec Info: NewCMSans08-Book scale = 1.1.


Package fontspec Info: NewCMSans08-Book scale = 1.1.


Package fontspec Info: NewCMSans10-Book scale = 1.1.


Package fontspec Info: NewCMSans10-Book scale = 1.1.


Package fontspec Info: Font family 'NewCMSans10-Book.otf(1)' created for font
(fontspec)             'NewCMSans10-Book.otf' with options [Extension =
(fontspec)             .otf,SizeFeatures={{Size= -8,
(fontspec)             Font=NewCMSans08-Book,ItalicFont=NewCMSans08-BookOblique,BoldFont=NewCMSans10-Bold,BoldItalicFont=NewCMSans10-BoldOblique,SmallCapsFeatures={Numbers=OldStyle}},
(fontspec)             {Size= 8,
(fontspec)             Font=NewCMSans08-Book,ItalicFont=NewCMSans08-BookOblique,BoldFont=NewCMSans10-Bold,BoldItalicFont=NewCMSans10-BoldOblique,SmallCapsFeatures={Numbers=OldStyle}},
(fontspec)             {Size= 9-,
(fontspec)             Font=NewCMSans10-Book,ItalicFont=NewCMSans10-BookOblique,BoldFont=NewCMSans10-Bold,BoldItalicFont=NewCMSans10-BoldOblique,SmallCapsFeatures={Numbers=OldStyle}}
(fontspec)             },Renderer=Basic,Scale=1.1,FakeStretch=1.].
(fontspec)              
(fontspec)              This font family consists of the following NFSS
(fontspec)             series/shapes:
(fontspec)              
(fontspec)             - 'normal' (m/n) with NFSS spec.:
(fontspec)             <-8>s*[1.1]"[NewCMSans08-Book.otf]:mode=base;script=latn;language=dflt;extend=1.;"<8>s*[1.1]"[NewCMSans08-Book.otf]:mode=base;script=latn;language=dflt;extend=1.;"<9->s*[1.1]"[NewCMSans10-Book.otf]:mode=base;script=latn;language=dflt;extend=1.;"
(fontspec)             - 'small caps'  (m/sc) with NFSS spec.:
(fontspec)             <-8>s*[1.1]"[NewCMSans08-Book.otf]:mode=base;script=latn;language=dflt;extend=1.;+smcp;+onum;"<8>s*[1.1]"[NewCMSans08-Book.otf]:mode=base;script=latn;language=dflt;extend=1.;+smcp;+onum;"<9->s*[1.1]"[NewCMSans10-Book.otf]:mode=base;script=latn;language=dflt;extend=1.;+smcp;+onum;"

LaTeX Font Info:    Overwriting math alphabet `\mathsf' in version `normal'
(Font)                  OT1/cmss/m/n --> TU/NewCMSans10-Book.otf(1)/m/n on input line 50.
LaTeX Font Info:    Overwriting math alphabet `\mathsf' in version `bold'
(Font)                  OT1/cmss/bx/n --> TU/NewCMSans10-Book.otf(1)/b/n on input line 50.
luaotfload | aux : font no 35 (nil) defines no feature for script latn
luaotfload | aux : font no 35 (nil) defines no feature for script dflt

Package fontspec Info: gabriele-bad scale = 0.95.


Package fontspec Info: gabriele-bad scale = 0.95.


Package fontspec Info: Font family 'gabriele-bad.ttf(0)' created for font
(fontspec)             'gabriele-bad.ttf' with options
(fontspec)             [WordSpace={1,0,0},HyphenChar=None,PunctuationSpace=WordSpace,Scale=0.95,FakeStretch=1.].
(fontspec)              
(fontspec)              This font family consists of the following NFSS
(fontspec)             series/shapes:
(fontspec)              
(fontspec)             - 'normal' (m/n) with NFSS spec.:
(fontspec)             <->s*[0.95]"[gabriele-bad.ttf]:mode=node;language=dflt;extend=1.;"
(fontspec)             - 'small caps'  (m/sc) with NFSS spec.: 
(fontspec)             and font adjustment code:
(fontspec)             \fontdimen 2\font =1\fontdimen 2\font \fontdimen 3\font
(fontspec)             =0\fontdimen 3\font \fontdimen 4\font =0\fontdimen
(fontspec)             4\font \fontdimen 7\font =0\fontdimen 2\font
(fontspec)             \tex_hyphenchar:D \font =-1\scan_stop: 

luaotfload | aux : font no 37 (nil) defines no feature for script latn
luaotfload | aux : font no 37 (nil) defines no feature for script dflt

Package fontspec Info: gabriele-bad scale = 0.95.


Package fontspec Info: gabriele-bad scale = 0.95.


Package fontspec Info: Font family 'gabriele-bad.ttf(1)' created for font
(fontspec)             'gabriele-bad.ttf' with options
(fontspec)             [Renderer=Basic,Scale=0.95,FakeStretch=1.].
(fontspec)              
(fontspec)              This font family consists of the following NFSS
(fontspec)             series/shapes:
(fontspec)              
(fontspec)             - 'normal' (m/n) with NFSS spec.:
(fontspec)             <->s*[0.95]"[gabriele-bad.ttf]:mode=base;language=dflt;extend=1.;"
(fontspec)             - 'small caps'  (m/sc) with NFSS spec.: 

LaTeX Font Info:    Overwriting math alphabet `\mathtt' in version `normal'
(Font)                  OT1/cmtt/m/n --> TU/gabriele-bad.ttf(1)/m/n on input line 51.
LaTeX Font Info:    Overwriting math alphabet `\mathtt' in version `bold'
(Font)                  OT1/cmtt/m/n --> TU/gabriele-bad.ttf(1)/b/n on input line 51.

Package fontspec Info: NewCMMath-Book-custom2 scale = 1.1.


Package fontspec Info: NewCMMath-Book-custom2 scale = 1.1.


Package fontspec Info: Font family 'NewCMMath-Book-custom2.otf(0)' created for
(fontspec)             font 'NewCMMath-Book-custom2.otf' with options
(fontspec)             [Renderer=Basic,BoldItalicFont={},ItalicFont={},SmallCapsFont={},Script=Math,RawFeature={mathfontdimen=xetex},Scale={1.1},FakeStretch={1.}].
(fontspec)              
(fontspec)              This font family consists of the following NFSS
(fontspec)             series/shapes:
(fontspec)              
(fontspec)             - 'normal' (m/n) with NFSS spec.:
(fontspec)             <->s*[1.1]"[NewCMMath-Book-custom2.otf]:mode=base;script=math;language=dflt;extend=1.;mathfontdimen=xetex;"
(fontspec)             - 'small caps'  (m/sc) with NFSS spec.: 

LaTeX Font Info:    Font shape `TU/NewCMMath-Book-custom2.otf(0)/m/n' will be
(Font)              scaled to size 13.20007pt on input line 52.

Package fontspec Info: NewCMMath-Book-custom2 scale = 1.1.


Package fontspec Info: NewCMMath-Book-custom2 scale = 1.1.


Package fontspec Info: NewCMMath-Book-custom2 scale = 1.1.


Package fontspec Info: NewCMMath-Book-custom2 scale = 1.1.


Package fontspec Info: Font family 'NewCMMath-Book-custom2.otf(1)' created for
(fontspec)             font 'NewCMMath-Book-custom2.otf' with options
(fontspec)             [Renderer=Basic,BoldItalicFont={},ItalicFont={},SmallCapsFont={},Script=Math,SizeFeatures={{Size=10.2-},{Size=7.2-10.2,Font=NewCMMath-Book-custom2.otf,Style=MathScript},{Size=-7.2,Font=NewCMMath-Book-custom2.otf,Style=MathScriptScript}},RawFeature={mathfontdimen=xetex},Scale={1.1},FakeStretch={1.}].
(fontspec)              
(fontspec)              This font family consists of the following NFSS
(fontspec)             series/shapes:
(fontspec)              
(fontspec)             - 'normal' (m/n) with NFSS spec.:
(fontspec)             <10.2->s*[1.1]"[NewCMMath-Book-custom2.otf]:mode=base;script=math;language=dflt;extend=1.;mathfontdimen=xetex;"<7.2-10.2>s*[1.1]"[NewCMMath-Book-custom2.otf]:mode=base;script=math;language=dflt;extend=1.;mathfontdimen=xetex;+ssty=0;"<-7.2>s*[1.1]"[NewCMMath-Book-custom2.otf]:mode=base;script=math;language=dflt;extend=1.;mathfontdimen=xetex;+ssty=1;"
(fontspec)             - 'small caps'  (m/sc) with NFSS spec.: 

LaTeX Font Info:    Font shape `TU/NewCMMath-Book-custom2.otf(1)/m/n' will be
(Font)              scaled to size 13.20007pt on input line 52.
LaTeX Font Info:    Encoding `OT1' has changed to `TU' for symbol font
(Font)              `operators' in the math version `normal' on input line 52.
LaTeX Font Info:    Overwriting symbol font `operators' in version `normal'
(Font)                  OT1/cmr/m/n --> TU/NewCMMath-Book-custom2.otf(1)/m/n on input line 52.
LaTeX Font Info:    Encoding `OT1' has changed to `TU' for symbol font
(Font)              `operators' in the math version `bold' on input line 52.
LaTeX Font Info:    Overwriting symbol font `operators' in version `bold'
(Font)                  OT1/cmr/bx/n --> TU/NewCMMath-Book-custom2.otf(1)/b/n on input line 52.

Package fontspec Info: NewCMMath-Book-custom2 scale = 1.1.


Package fontspec Info: NewCMMath-Book-custom2 scale = 1.1.


Package fontspec Info: NewCMMath-Book-custom2 scale = 1.1.


Package fontspec Info: NewCMMath-Book-custom2 scale = 1.1.


Package fontspec Info: Font family 'NewCMMath-Book-custom2.otf(2)' created for
(fontspec)             font 'NewCMMath-Book-custom2.otf' with options
(fontspec)             [Renderer=Basic,BoldItalicFont={},ItalicFont={},SmallCapsFont={},Script=Math,SizeFeatures={{Size=10.2-},{Size=7.2-10.2,Font=NewCMMath-Book-custom2.otf,Style=MathScript},{Size=-7.2,Font=NewCMMath-Book-custom2.otf,Style=MathScriptScript}},RawFeature={mathfontdimen=xetex},Scale={1.1},FakeStretch={1.},RawFeature={mathfontdimen=tex2}].
(fontspec)              
(fontspec)              This font family consists of the following NFSS
(fontspec)             series/shapes:
(fontspec)              
(fontspec)             - 'normal' (m/n) with NFSS spec.:
(fontspec)             <10.2->s*[1.1]"[NewCMMath-Book-custom2.otf]:mode=base;script=math;language=dflt;extend=1.;mathfontdimen=xetex;mathfontdimen=tex2;"<7.2-10.2>s*[1.1]"[NewCMMath-Book-custom2.otf]:mode=base;script=math;language=dflt;extend=1.;mathfontdimen=xetex;mathfontdimen=tex2;+ssty=0;"<-7.2>s*[1.1]"[NewCMMath-Book-custom2.otf]:mode=base;script=math;language=dflt;extend=1.;mathfontdimen=xetex;mathfontdimen=tex2;+ssty=1;"
(fontspec)             - 'small caps'  (m/sc) with NFSS spec.: 

LaTeX Font Info:    Encoding `OMS' has changed to `TU' for symbol font
(Font)              `symbols' in the math version `normal' on input line 52.
LaTeX Font Info:    Overwriting symbol font `symbols' in version `normal'
(Font)                  OMS/cmsy/m/n --> TU/NewCMMath-Book-custom2.otf(2)/m/n on input line 52.
LaTeX Font Info:    Encoding `OMS' has changed to `TU' for symbol font
(Font)              `symbols' in the math version `bold' on input line 52.
LaTeX Font Info:    Overwriting symbol font `symbols' in version `bold'
(Font)                  OMS/cmsy/b/n --> TU/NewCMMath-Book-custom2.otf(2)/b/n on input line 52.

Package fontspec Info: NewCMMath-Book-custom2 scale = 1.1.


Package fontspec Info: NewCMMath-Book-custom2 scale = 1.1.


Package fontspec Info: NewCMMath-Book-custom2 scale = 1.1.


Package fontspec Info: NewCMMath-Book-custom2 scale = 1.1.


Package fontspec Info: Font family 'NewCMMath-Book-custom2.otf(3)' created for
(fontspec)             font 'NewCMMath-Book-custom2.otf' with options
(fontspec)             [Renderer=Basic,BoldItalicFont={},ItalicFont={},SmallCapsFont={},Script=Math,SizeFeatures={{Size=10.2-},{Size=7.2-10.2,Font=NewCMMath-Book-custom2.otf,Style=MathScript},{Size=-7.2,Font=NewCMMath-Book-custom2.otf,Style=MathScriptScript}},RawFeature={mathfontdimen=xetex},Scale={1.1},FakeStretch={1.},RawFeature={mathfontdimen=tex3}].
(fontspec)              
(fontspec)              This font family consists of the following NFSS
(fontspec)             series/shapes:
(fontspec)              
(fontspec)             - 'normal' (m/n) with NFSS spec.:
(fontspec)             <10.2->s*[1.1]"[NewCMMath-Book-custom2.otf]:mode=base;script=math;language=dflt;extend=1.;mathfontdimen=xetex;mathfontdimen=tex3;"<7.2-10.2>s*[1.1]"[NewCMMath-Book-custom2.otf]:mode=base;script=math;language=dflt;extend=1.;mathfontdimen=xetex;mathfontdimen=tex3;+ssty=0;"<-7.2>s*[1.1]"[NewCMMath-Book-custom2.otf]:mode=base;script=math;language=dflt;extend=1.;mathfontdimen=xetex;mathfontdimen=tex3;+ssty=1;"
(fontspec)             - 'small caps'  (m/sc) with NFSS spec.: 

LaTeX Font Info:    Encoding `OMX' has changed to `TU' for symbol font
(Font)              `largesymbols' in the math version `normal' on input line 52.
LaTeX Font Info:    Overwriting symbol font `largesymbols' in version `normal'
(Font)                  OMX/cmex/m/n --> TU/NewCMMath-Book-custom2.otf(3)/m/n on input line 52.
LaTeX Font Info:    Encoding `OMX' has changed to `TU' for symbol font
(Font)              `largesymbols' in the math version `bold' on input line 52.
LaTeX Font Info:    Overwriting symbol font `largesymbols' in version `bold'
(Font)                  OMX/cmex/m/n --> TU/NewCMMath-Book-custom2.otf(3)/b/n on input line 52.
LaTeX Font Info:    Font shape `TU/NewCMMath-Book-custom2.otf(1)/m/n' will be
(Font)              scaled to size 9.24004pt on input line 52.
LaTeX Font Info:    Font shape `TU/NewCMMath-Book-custom2.otf(1)/m/n' will be
(Font)              scaled to size 6.60004pt on input line 52.
LaTeX Font Info:    Font shape `TU/NewCMMath-Book-custom2.otf(2)/m/n' will be
(Font)              scaled to size 13.20007pt on input line 52.
LaTeX Font Info:    Font shape `TU/NewCMMath-Book-custom2.otf(2)/m/n' will be
(Font)              scaled to size 9.24004pt on input line 52.
LaTeX Font Info:    Font shape `TU/NewCMMath-Book-custom2.otf(2)/m/n' will be
(Font)              scaled to size 6.60004pt on input line 52.
LaTeX Font Info:    Font shape `TU/NewCMMath-Book-custom2.otf(3)/m/n' will be
(Font)              scaled to size 13.20007pt on input line 52.
LaTeX Font Info:    Font shape `TU/NewCMMath-Book-custom2.otf(3)/m/n' will be
(Font)              scaled to size 9.24004pt on input line 52.
LaTeX Font Info:    Font shape `TU/NewCMMath-Book-custom2.otf(3)/m/n' will be
(Font)              scaled to size 6.60004pt on input line 52.
LaTeX Font Info:    Trying to load font information for U+msa on input line 52.
 (/usr/local/texlive/2024/texmf-dist/tex/latex/amsfonts/umsa.fd
File: umsa.fd 2013/01/14 v3.01 AMS symbols A
)
LaTeX Font Info:    Trying to load font information for U+msb on input line 52.
 (/usr/local/texlive/2024/texmf-dist/tex/latex/amsfonts/umsb.fd
File: umsb.fd 2013/01/14 v3.01 AMS symbols B
)
luaotfload | aux : font no 24 (nil) defines no feature for script math

Package fontspec Warning: Font "CenturymodernTT-Italic" does not contain
(fontspec)                requested Script "Math".


Package fontspec Info: CenturymodernTT-Italic scale = 1.1.


Package fontspec Info: CenturymodernTT-Italic scale = 1.1.


Package fontspec Info: CenturymodernTT-Italic scale = 1.1.

luaotfload | aux : font no 60 (nil) does not define feature ssty for script latn with language dflt

Package fontspec Warning: OpenType feature 'Style=MathScript' (ssty) not
(fontspec)                available for font 'CenturymodernTT-Italic' with
(fontspec)                script 'CustomDefault' and language 'Default'.


Package fontspec Info: CenturymodernTT-Italic scale = 1.1.

luaotfload | aux : font no 60 (nil) does not define feature ssty for script latn with language dflt

Package fontspec Warning: OpenType feature 'Style=MathScriptScript' (ssty) not
(fontspec)                available for font 'CenturymodernTT-Italic' with
(fontspec)                script 'CustomDefault' and language 'Default'.


Package fontspec Info: Font family 'CenturymodernTT-Italic.otf(0)' created for
(fontspec)             font 'CenturymodernTT-Italic.otf' with options
(fontspec)             [Renderer=Basic,BoldItalicFont={},ItalicFont={},SmallCapsFont={},Script=Math,SizeFeatures={{Size=10.2-},{Size=7.2-10.2,Font=CenturymodernTT-Italic.otf,Style=MathScript},{Size=-7.2,Font=CenturymodernTT-Italic.otf,Style=MathScriptScript}},RawFeature={mathfontdimen=xetex},Scale={1.1},FakeStretch={1.}].
(fontspec)              
(fontspec)              This font family consists of the following NFSS
(fontspec)             series/shapes:
(fontspec)              
(fontspec)             - 'normal' (m/n) with NFSS spec.:
(fontspec)             <10.2->s*[1.1]"[CenturymodernTT-Italic.otf]:mode=base;script=latn;language=dflt;extend=1.;mathfontdimen=xetex;"<7.2-10.2>s*[1.1]"[CenturymodernTT-Italic.otf]:mode=base;script=latn;language=dflt;extend=1.;mathfontdimen=xetex;"<-7.2>s*[1.1]"[CenturymodernTT-Italic.otf]:mode=base;script=latn;language=dflt;extend=1.;mathfontdimen=xetex;"
(fontspec)             - 'small caps'  (m/sc) with NFSS spec.: 

LaTeX Font Info:    Font shape `TU/CenturymodernTT-Italic.otf(0)/m/n' will be
(Font)              scaled to size 13.20007pt on input line 54.
\sym__um_fam1=\mathgroup6
LaTeX Font Info:    Overwriting symbol font `__um_fam1' in version `normal'
(Font)                  TU/CenturymodernTT-Italic.otf(0)/m/n --> TU/CenturymodernTT-Italic.otf(0)/m/n on input line 54.
LaTeX Font Info:    Overwriting symbol font `__um_fam1' in version `bold'
(Font)                  TU/CenturymodernTT-Italic.otf(0)/m/n --> TU/CenturymodernTT-Italic.otf(0)/b/n on input line 54.
LaTeX Font Info:    Font shape `TU/CenturymodernTT-Italic.otf(0)/m/n' will be
(Font)              scaled to size 9.24004pt on input line 54.
LaTeX Font Info:    Font shape `TU/CenturymodernTT-Italic.otf(0)/m/n' will be
(Font)              scaled to size 6.60004pt on input line 54.
luaotfload | aux : font no 22 (nil) defines no feature for script math

Package fontspec Warning: Font "CenturymodernTT-Regular" does not contain
(fontspec)                requested Script "Math".

luaotfload | aux : font no 22 (nil) defines no feature for script latn
luaotfload | aux : font no 22 (nil) defines no feature for script dflt

Package fontspec Info: CenturymodernTT-Regular scale = 1.1.


Package fontspec Info: CenturymodernTT-Regular scale = 1.1.


Package fontspec Info: CenturymodernTT-Regular scale = 1.1.


Package fontspec Warning: OpenType feature 'Style=MathScript' (ssty) not
(fontspec)                available for font 'CenturymodernTT-Regular' with
(fontspec)                script '' and language 'Default'.


Package fontspec Info: CenturymodernTT-Regular scale = 1.1.


Package fontspec Warning: OpenType feature 'Style=MathScriptScript' (ssty) not
(fontspec)                available for font 'CenturymodernTT-Regular' with
(fontspec)                script '' and language 'Default'.


Package fontspec Info: Font family 'CenturymodernTT-Regular.otf(2)' created
(fontspec)             for font 'CenturymodernTT-Regular.otf' with options
(fontspec)             [Renderer=Basic,BoldItalicFont={},ItalicFont={},SmallCapsFont={},Script=Math,SizeFeatures={{Size=10.2-},{Size=7.2-10.2,Font=CenturymodernTT-Regular.otf,Style=MathScript},{Size=-7.2,Font=CenturymodernTT-Regular.otf,Style=MathScriptScript}},RawFeature={mathfontdimen=xetex},Scale={1.1},FakeStretch={1.}].
(fontspec)              
(fontspec)              This font family consists of the following NFSS
(fontspec)             series/shapes:
(fontspec)              
(fontspec)             - 'normal' (m/n) with NFSS spec.:
(fontspec)             <10.2->s*[1.1]"[CenturymodernTT-Regular.otf]:mode=base;language=dflt;extend=1.;mathfontdimen=xetex;"<7.2-10.2>s*[1.1]"[CenturymodernTT-Regular.otf]:mode=base;language=dflt;extend=1.;mathfontdimen=xetex;"<-7.2>s*[1.1]"[CenturymodernTT-Regular.otf]:mode=base;language=dflt;extend=1.;mathfontdimen=xetex;"
(fontspec)             - 'small caps'  (m/sc) with NFSS spec.: 

LaTeX Font Info:    Font shape `TU/CenturymodernTT-Regular.otf(2)/m/n' will be
(Font)              scaled to size 13.20007pt on input line 56.
\sym__um_fam2=\mathgroup7
LaTeX Font Info:    Overwriting symbol font `__um_fam2' in version `normal'
(Font)                  TU/CenturymodernTT-Regular.otf(2)/m/n --> TU/CenturymodernTT-Regular.otf(2)/m/n on input line 56.
LaTeX Font Info:    Overwriting symbol font `__um_fam2' in version `bold'
(Font)                  TU/CenturymodernTT-Regular.otf(2)/m/n --> TU/CenturymodernTT-Regular.otf(2)/b/n on input line 56.

Package unicode-math Warning: I am trying to set up alphabet"it/num" but there
(unicode-math)                are no configuration settings for it. (See
(unicode-math)                source file "unicode-math-alphabets.dtx" to
(unicode-math)                debug.)


Package unicode-math Warning: I am trying to set up alphabet"it/"03BB" but
(unicode-math)                there are no configuration settings for it. (See
(unicode-math)                source file "unicode-math-alphabets.dtx" to
(unicode-math)                debug.)

LaTeX Font Info:    Font shape `TU/CenturymodernTT-Regular.otf(2)/m/n' will be
(Font)              scaled to size 9.24004pt on input line 56.
LaTeX Font Info:    Font shape `TU/CenturymodernTT-Regular.otf(2)/m/n' will be
(Font)              scaled to size 6.60004pt on input line 56.
luaotfload | aux : font no 24 (nil) defines no feature for script math

Package fontspec Warning: Font "CenturymodernTT-Italic" does not contain
(fontspec)                requested Script "Math".


Package fontspec Info: CenturymodernTT-Italic scale = 1.1.

\sym__um_fam3=\mathgroup8
LaTeX Font Info:    Overwriting symbol font `__um_fam3' in version `normal'
(Font)                  TU/CenturymodernTT-Italic.otf(0)/m/n --> TU/CenturymodernTT-Italic.otf(0)/m/n on input line 57.
LaTeX Font Info:    Overwriting symbol font `__um_fam3' in version `bold'
(Font)                  TU/CenturymodernTT-Italic.otf(0)/m/n --> TU/CenturymodernTT-Italic.otf(0)/b/n on input line 57.
luaotfload | aux : font no 24 (nil) defines no feature for script math

Package fontspec Warning: Font "CenturymodernTT-Italic" does not contain
(fontspec)                requested Script "Math".


Package fontspec Info: CenturymodernTT-Italic scale = 1.1.

\sym__um_fam4=\mathgroup9
LaTeX Font Info:    Overwriting symbol font `__um_fam4' in version `normal'
(Font)                  TU/CenturymodernTT-Italic.otf(0)/m/n --> TU/CenturymodernTT-Italic.otf(0)/m/n on input line 58.
LaTeX Font Info:    Overwriting symbol font `__um_fam4' in version `bold'
(Font)                  TU/CenturymodernTT-Italic.otf(0)/m/n --> TU/CenturymodernTT-Italic.otf(0)/b/n on input line 58.
luaotfload | aux : font no 68 (nil) does not define feature smcp for script latn with language dflt

Package fontspec Info: Font family 'CenturymodernTT-Italic.otf(1)' created for
(fontspec)             font 'CenturymodernTT-Italic.otf' with options [].
(fontspec)              
(fontspec)              This font family consists of the following NFSS
(fontspec)             series/shapes:
(fontspec)              
(fontspec)             - 'normal' (m/n) with NFSS spec.:
(fontspec)             <->"[CenturymodernTT-Italic.otf]:mode=node;script=latn;language=dflt;"
(fontspec)             - 'small caps'  (m/sc) with NFSS spec.: 

luaotfload | aux : font no 68 (nil) does not define feature smcp for script latn with language dflt

Package fontspec Info: Font family 'CenturymodernTT-Italic.otf(2)' created for
(fontspec)             font 'CenturymodernTT-Italic.otf' with options
(fontspec)             [FakeStretch=.91.].
(fontspec)              
(fontspec)              This font family consists of the following NFSS
(fontspec)             series/shapes:
(fontspec)              
(fontspec)             - 'normal' (m/n) with NFSS spec.:
(fontspec)             <->"[CenturymodernTT-Italic.otf]:mode=node;script=latn;language=dflt;extend=.91.;"
(fontspec)             - 'small caps'  (m/sc) with NFSS spec.: 

luaotfload | aux : font no 68 (nil) does not define feature smcp for script latn with language dflt

Package fontspec Info: Font family 'CenturymodernTT-Italic.otf(3)' created for
(fontspec)             font 'CenturymodernTT-Italic.otf' with options
(fontspec)             [FakeStretch=1.1].
(fontspec)              
(fontspec)              This font family consists of the following NFSS
(fontspec)             series/shapes:
(fontspec)              
(fontspec)             - 'normal' (m/n) with NFSS spec.:
(fontspec)             <->"[CenturymodernTT-Italic.otf]:mode=node;script=latn;language=dflt;extend=1.1;"
(fontspec)             - 'small caps'  (m/sc) with NFSS spec.: 

luaotfload | aux : font no 18 (nil) defines no feature for script latn
luaotfload | aux : font no 18 (nil) defines no feature for script dflt

Package fontspec Info: Font family 'CenturymodernTT-Regular.otf(3)' created
(fontspec)             for font 'CenturymodernTT-Regular.otf' with options [].
(fontspec)              
(fontspec)              This font family consists of the following NFSS
(fontspec)             series/shapes:
(fontspec)              
(fontspec)             - 'normal' (m/n) with NFSS spec.:
(fontspec)             <->"[CenturymodernTT-Regular.otf]:mode=node;language=dflt;"
(fontspec)             - 'small caps'  (m/sc) with NFSS spec.: 

\l_masum_box=\box55
\l_masum_box_vm=\box56
\l_masum_box_new=\box57
(/usr/local/texlive/2024/texmf-dist/tex/latex/glossaries/base/glossaries.sty
Package: glossaries 2023/09/29 v4.53 (NLCT)
 (/usr/local/texlive/2024/texmf-dist/tex/latex/mfirstuc/mfirstuc.sty
Package: mfirstuc 2022/10/14 v2.08 (NLCT)
\@glsmfirst=\toks34
\@glsmrest=\toks35
) (/usr/local/texlive/2024/texmf-dist/tex/latex/xfor/xfor.sty
Package: xfor 2009/02/05 v1.05 (NLCT)
) (/usr/local/texlive/2024/texmf-dist/tex/latex/datatool/datatool-base.sty
Package: datatool-base 2019/09/27 v2.32 (NLCT)
 (/usr/local/texlive/2024/texmf-dist/tex/latex/substr/substr.sty
Package: substr 2009/10/20 v1.2 Handle substrings
\c@su@anzahl=\count319
) (/usr/local/texlive/2024/texmf-dist/tex/latex/datatool/datatool-fp.sty
Package: datatool-fp 2019/09/27 v2.32 (NLCT)
 (/usr/local/texlive/2024/texmf-dist/tex/latex/fp/fp.sty
Package: fp 1995/04/02
 `Fixed Point Package', Version 0.8, April 2, 1995 (C) Michael Mehlich (/usr/local/texlive/2024/texmf-dist/tex/latex/fp/defpattern.sty
Package: defpattern 1994/10/12
\actioncount=\count320
) (/usr/local/texlive/2024/texmf-dist/tex/latex/fp/fp-basic.sty
Package: fp-basic 1996/05/13
\FP@xs=\count321
\FP@xia=\count322
\FP@xib=\count323
\FP@xfa=\count324
\FP@xfb=\count325
\FP@rega=\count326
\FP@regb=\count327
\FP@regs=\count328
\FP@times=\count329
) (/usr/local/texlive/2024/texmf-dist/tex/latex/fp/fp-addons.sty
Package: fp-addons 1995/03/15
) (/usr/local/texlive/2024/texmf-dist/tex/latex/fp/fp-snap.sty
Package: fp-snap 1995/04/05
) (/usr/local/texlive/2024/texmf-dist/tex/latex/fp/fp-exp.sty
Package: fp-exp 1995/04/03
) (/usr/local/texlive/2024/texmf-dist/tex/latex/fp/fp-trigo.sty
Package: fp-trigo 1995/04/14
) (/usr/local/texlive/2024/texmf-dist/tex/latex/fp/fp-pas.sty
Package: fp-pas 1994/08/29
) (/usr/local/texlive/2024/texmf-dist/tex/latex/fp/fp-random.sty
Package: fp-random 1995/02/23
\FPseed=\count330
) (/usr/local/texlive/2024/texmf-dist/tex/latex/fp/fp-eqn.sty
Package: fp-eqn 1995/04/03
) (/usr/local/texlive/2024/texmf-dist/tex/latex/fp/fp-upn.sty
Package: fp-upn 1996/10/21
) (/usr/local/texlive/2024/texmf-dist/tex/latex/fp/fp-eval.sty
Package: fp-eval 1995/04/03
)))
\@dtl@toks=\toks36
\@dtl@tmpcount=\count331
\dtl@tmplength=\skip105
\dtl@sortresult=\count332
\@dtl@numgrpsepcount=\count333
\@dtl@datatype=\count334
\dtl@codeA=\count335
\dtl@codeB=\count336
\@dtl@foreach@level=\count337
)
\gls@level=\count338
\@gls@tmpb=\toks37
\gls@tmplen=\skip106
\glskeylisttok=\toks38
\glslabeltok=\toks39
\glsshorttok=\toks40
\glslongtok=\toks41
 (/usr/local/texlive/2024/texmf-dist/tex/latex/glossaries/styles/glossary-hypernav.sty
Package: glossary-hypernav 2023/09/29 v4.53 (NLCT)
) (/usr/local/texlive/2024/texmf-dist/tex/latex/glossaries/styles/glossary-list.sty
Package: glossary-list 2023/09/29 v4.53 (NLCT)
\glslistdottedwidth=\skip107
) (/usr/local/texlive/2024/texmf-dist/tex/latex/glossaries/styles/glossary-long.sty
Package: glossary-long 2023/09/29 v4.53 (NLCT)
 (/usr/local/texlive/2024/texmf-dist/tex/latex/tools/longtable.sty
Package: longtable 2023-11-01 v4.19 Multi-page Table package (DPC)
\LTleft=\skip108
\LTright=\skip109
\LTpre=\skip110
\LTpost=\skip111
\LTchunksize=\count339
\LTcapwidth=\dimen172
\LT@head=\box58
\LT@firsthead=\box59
\LT@foot=\box60
\LT@lastfoot=\box61
\LT@gbox=\box62
\LT@cols=\count340
\LT@rows=\count341
\c@LT@tables=\count342
\c@LT@chunks=\count343
\LT@p@ftn=\toks42
)
\glsdescwidth=\skip112
\glspagelistwidth=\skip113
) (/usr/local/texlive/2024/texmf-dist/tex/latex/glossaries/styles/glossary-super.sty
Package: glossary-super 2023/09/29 v4.53 (NLCT)
 (/usr/local/texlive/2024/texmf-dist/tex/latex/supertabular/supertabular.sty
Package: supertabular 2020/02/02 v4.1g the supertabular environment
\c@tracingst=\count344
\ST@wd=\dimen173
\ST@rightskip=\skip114
\ST@leftskip=\skip115
\ST@parfillskip=\skip116
\ST@pageleft=\dimen174
\ST@headht=\dimen175
\ST@tailht=\dimen176
\ST@pagesofar=\dimen177
\ST@pboxht=\dimen178
\ST@lineht=\dimen179
\ST@prevht=\dimen180
\ST@toadd=\dimen181
\ST@dimen=\dimen182
\ST@pbox=\box63
)) (/usr/local/texlive/2024/texmf-dist/tex/latex/glossaries/styles/glossary-tree.sty
Package: glossary-tree 2023/09/29 v4.53 (NLCT)
\glstreeindent=\skip117
)) (/usr/local/texlive/2024/texmf-dist/tex/latex/base/makeidx.sty
Package: makeidx 2021/10/04 v1.0m Standard LaTeX package
) (/usr/local/texlive/2024/texmf-dist/tex/latex/nomencl/nomencl.sty
Package: nomencl 2021/11/10 v5.6 Nomenclature package
 (/usr/local/texlive/2024/texmf-dist/tex/latex/koma-script/tocbasic.sty
Package: tocbasic 2023/07/07 v3.41 KOMA-Script package (handling toc-files)
 (/usr/local/texlive/2024/texmf-dist/tex/latex/koma-script/scrbase.sty
Package: scrbase 2023/07/07 v3.41 KOMA-Script package (KOMA-Script-independent basics and keyval usage)
 (/usr/local/texlive/2024/texmf-dist/tex/latex/koma-script/scrlfile.sty
Package: scrlfile 2023/07/07 v3.41 KOMA-Script package (file load hooks)
 (/usr/local/texlive/2024/texmf-dist/tex/latex/koma-script/scrlfile-hook.sty
Package: scrlfile-hook 2023/07/07 v3.41 KOMA-Script package (using LaTeX hooks)
 (/usr/local/texlive/2024/texmf-dist/tex/latex/koma-script/scrlogo.sty
Package: scrlogo 2023/07/07 v3.41 KOMA-Script package (logo)
)))
Applying: [2021/05/01] Usage of raw or classic option list on input line 252.
Already applied: [0000/00/00] Usage of raw or classic option list on input line 368.
)
\scr@dte@tocline@numberwidth=\skip118
\scr@dte@tocline@numbox=\box64
)
Package tocbasic Info: omitting babel extension for `nlo'
(tocbasic)             because of missing \bbl@set@language on input line 187.
Package tocbasic Info: omitting babel extension for `nls'
(tocbasic)             because of missing \bbl@set@language on input line 188.
\nomlabelwidth=\dimen183
\nom@tempdim=\dimen184
\nomitemsep=\skip119
)
\@nomenclaturefile=\write3

\openout3 = main.nlo
Package nomencl Info: Writing nomenclature file main.nlo on input line 175.
\@indexfile=\write4

\openout4 = main.idx

Writing index file main.idx
\glswrite=\write5
\glo@main@file=\write6

\openout6 = main.glo
Package glossaries Info: Writing glossary file main.glo on input line 178.
\c@theorem=\count345
(/usr/local/texlive/2024/texmf-dist/tex/latex/scalerel/scalerel.sty
Package: scalerel 2016/12/29 v1.8 Routines for constrained scaling and stretching of objects, relative to a reference object or in absolute terms
 (/usr/local/texlive/2024/texmf-dist/tex/latex/graphics/graphicx.sty
Package: graphicx 2021/09/16 v1.2d Enhanced LaTeX Graphics (DPC,SPQR)
 (/usr/local/texlive/2024/texmf-dist/tex/latex/graphics/graphics.sty
Package: graphics 2022/03/10 v1.4e Standard LaTeX Graphics (DPC,SPQR)
 (/usr/local/texlive/2024/texmf-dist/tex/latex/graphics/trig.sty
Package: trig 2021/08/11 v1.11 sin cos tan (DPC)
) (/usr/local/texlive/2024/texmf-dist/tex/latex/graphics-cfg/graphics.cfg
File: graphics.cfg 2016/06/04 v1.11 sample graphics configuration
)
Package graphics Info: Driver file: luatex.def on input line 107.
)
\Gin@req@height=\dimen185
\Gin@req@width=\dimen186
)
\thesrwidth=\skip120
\thesrheight=\skip121
\srblobheight=\skip122
\srblobdepth=\skip123
\mnxsrwidth=\skip124
\LMex=\skip125
\LMpt=\skip126
) (/usr/local/texlive/2024/texmf-dist/tex/latex/fancyhdr/extramarks.sty
Package: extramarks 2022/11/09 v4.1 Extra marks for LaTeX
\@temptokenb=\toks43
)
\c@problem=\count346
) (/usr/local/texlive/2024/texmf-dist/tex/latex/float/float.sty
Package: float 2001/11/08 v1.3d Float enhancements (AL)
\c@float@type=\count347
\float@exts=\toks44
\float@box=\box65
\@float@everytoks=\toks45
\@floatcapt=\box66
) (/usr/local/texlive/2024/texmf-dist/tex/latex/setspace/setspace.sty
Package: setspace 2022/12/04 v6.7b set line spacing
) (/usr/local/texlive/2024/texmf-dist/tex/latex/csquotes/csquotes.sty
Package: csquotes 2022-09-14 v5.2n context-sensitive quotations (JAW)
\csq@reset=\count348
\csq@gtype=\count349
\csq@glevel=\count350
\csq@qlevel=\count351
\csq@maxlvl=\count352
\csq@tshold=\count353
\csq@ltx@everypar=\toks46
 (/usr/local/texlive/2024/texmf-dist/tex/latex/csquotes/csquotes.def
File: csquotes.def 2022-09-14 v5.2n csquotes generic definitions (JAW)
)
Package csquotes Info: Trying to load configuration file 'csquotes.cfg'...
Package csquotes Info: ... configuration file loaded successfully.
 (/usr/local/texlive/2024/texmf-dist/tex/latex/csquotes/csquotes.cfg
File: csquotes.cfg 
)) (/usr/local/texlive/2024/texmf-dist/tex/latex/pgfornament/pgfornament.sty (/usr/local/texlive/2024/texmf-dist/tex/latex/pgf/frontendlayer/tikz.sty (/usr/local/texlive/2024/texmf-dist/tex/latex/pgf/basiclayer/pgf.sty (/usr/local/texlive/2024/texmf-dist/tex/latex/pgf/utilities/pgfrcs.sty (/usr/local/texlive/2024/texmf-dist/tex/generic/pgf/utilities/pgfutil-common.tex
\pgfutil@everybye=\toks47
\pgfutil@tempdima=\dimen187
\pgfutil@tempdimb=\dimen188
) (/usr/local/texlive/2024/texmf-dist/tex/generic/pgf/utilities/pgfutil-latex.def
\pgfutil@abb=\box67
) (/usr/local/texlive/2024/texmf-dist/tex/generic/pgf/utilities/pgfrcs.code.tex (/usr/local/texlive/2024/texmf-dist/tex/generic/pgf/pgf.revision.tex)
Package: pgfrcs 2023-01-15 v3.1.10 (3.1.10)
))
Package: pgf 2023-01-15 v3.1.10 (3.1.10)
 (/usr/local/texlive/2024/texmf-dist/tex/latex/pgf/basiclayer/pgfcore.sty (/usr/local/texlive/2024/texmf-dist/tex/latex/pgf/systemlayer/pgfsys.sty (/usr/local/texlive/2024/texmf-dist/tex/generic/pgf/systemlayer/pgfsys.code.tex
Package: pgfsys 2023-01-15 v3.1.10 (3.1.10)
 (/usr/local/texlive/2024/texmf-dist/tex/generic/pgf/utilities/pgfkeys.code.tex
\pgfkeys@pathtoks=\toks48
\pgfkeys@temptoks=\toks49
 (/usr/local/texlive/2024/texmf-dist/tex/generic/pgf/utilities/pgfkeyslibraryfiltered.code.tex
\pgfkeys@tmptoks=\toks50
))
\pgf@x=\dimen189
\pgf@y=\dimen190
\pgf@xa=\dimen191
\pgf@ya=\dimen192
\pgf@xb=\dimen193
\pgf@yb=\dimen194
\pgf@xc=\dimen195
\pgf@yc=\dimen196
\pgf@xd=\dimen197
\pgf@yd=\dimen198
\w@pgf@writea=\write7
\r@pgf@reada=\read2
\c@pgf@counta=\count354
\c@pgf@countb=\count355
\c@pgf@countc=\count356
\c@pgf@countd=\count357
\t@pgf@toka=\toks51
\t@pgf@tokb=\toks52
\t@pgf@tokc=\toks53
\pgf@sys@id@count=\count358
 (/usr/local/texlive/2024/texmf-dist/tex/generic/pgf/systemlayer/pgf.cfg
File: pgf.cfg 2023-01-15 v3.1.10 (3.1.10)
)
Driver file for pgf: pgfsys-luatex.def
 (/usr/local/texlive/2024/texmf-dist/tex/generic/pgf/systemlayer/pgfsys-luatex.def
File: pgfsys-luatex.def 2023-01-15 v3.1.10 (3.1.10)
 (/usr/local/texlive/2024/texmf-dist/tex/generic/pgf/systemlayer/pgfsys-common-pdf.def
File: pgfsys-common-pdf.def 2023-01-15 v3.1.10 (3.1.10)
))) (/usr/local/texlive/2024/texmf-dist/tex/generic/pgf/systemlayer/pgfsyssoftpath.code.tex
File: pgfsyssoftpath.code.tex 2023-01-15 v3.1.10 (3.1.10)
\pgfsyssoftpath@smallbuffer@items=\count359
\pgfsyssoftpath@bigbuffer@items=\count360
) (/usr/local/texlive/2024/texmf-dist/tex/generic/pgf/systemlayer/pgfsysprotocol.code.tex
File: pgfsysprotocol.code.tex 2023-01-15 v3.1.10 (3.1.10)
)) (/usr/local/texlive/2024/texmf-dist/tex/generic/pgf/basiclayer/pgfcore.code.tex
Package: pgfcore 2023-01-15 v3.1.10 (3.1.10)
 (/usr/local/texlive/2024/texmf-dist/tex/generic/pgf/math/pgfmath.code.tex (/usr/local/texlive/2024/texmf-dist/tex/generic/pgf/math/pgfmathutil.code.tex) (/usr/local/texlive/2024/texmf-dist/tex/generic/pgf/math/pgfmathparser.code.tex
\pgfmath@dimen=\dimen199
\pgfmath@count=\count361
\pgfmath@box=\box68
\pgfmath@toks=\toks54
\pgfmath@stack@operand=\toks55
\pgfmath@stack@operation=\toks56
) (/usr/local/texlive/2024/texmf-dist/tex/generic/pgf/math/pgfmathfunctions.code.tex) (/usr/local/texlive/2024/texmf-dist/tex/generic/pgf/math/pgfmathfunctions.basic.code.tex) (/usr/local/texlive/2024/texmf-dist/tex/generic/pgf/math/pgfmathfunctions.trigonometric.code.tex) (/usr/local/texlive/2024/texmf-dist/tex/generic/pgf/math/pgfmathfunctions.random.code.tex) (/usr/local/texlive/2024/texmf-dist/tex/generic/pgf/math/pgfmathfunctions.comparison.code.tex) (/usr/local/texlive/2024/texmf-dist/tex/generic/pgf/math/pgfmathfunctions.base.code.tex) (/usr/local/texlive/2024/texmf-dist/tex/generic/pgf/math/pgfmathfunctions.round.code.tex) (/usr/local/texlive/2024/texmf-dist/tex/generic/pgf/math/pgfmathfunctions.misc.code.tex) (/usr/local/texlive/2024/texmf-dist/tex/generic/pgf/math/pgfmathfunctions.integerarithmetics.code.tex) (/usr/local/texlive/2024/texmf-dist/tex/generic/pgf/math/pgfmathcalc.code.tex) (/usr/local/texlive/2024/texmf-dist/tex/generic/pgf/math/pgfmathfloat.code.tex
\c@pgfmathroundto@lastzeros=\count362
)) (/usr/local/texlive/2024/texmf-dist/tex/generic/pgf/math/pgfint.code.tex) (/usr/local/texlive/2024/texmf-dist/tex/generic/pgf/basiclayer/pgfcorepoints.code.tex
File: pgfcorepoints.code.tex 2023-01-15 v3.1.10 (3.1.10)
\pgf@picminx=\dimen256
\pgf@picmaxx=\dimen257
\pgf@picminy=\dimen258
\pgf@picmaxy=\dimen259
\pgf@pathminx=\dimen260
\pgf@pathmaxx=\dimen261
\pgf@pathminy=\dimen262
\pgf@pathmaxy=\dimen263
\pgf@xx=\dimen264
\pgf@xy=\dimen265
\pgf@yx=\dimen266
\pgf@yy=\dimen267
\pgf@zx=\dimen268
\pgf@zy=\dimen269
) (/usr/local/texlive/2024/texmf-dist/tex/generic/pgf/basiclayer/pgfcorepathconstruct.code.tex
File: pgfcorepathconstruct.code.tex 2023-01-15 v3.1.10 (3.1.10)
\pgf@path@lastx=\dimen270
\pgf@path@lasty=\dimen271
) (/usr/local/texlive/2024/texmf-dist/tex/generic/pgf/basiclayer/pgfcorepathusage.code.tex
File: pgfcorepathusage.code.tex 2023-01-15 v3.1.10 (3.1.10)
\pgf@shorten@end@additional=\dimen272
\pgf@shorten@start@additional=\dimen273
) (/usr/local/texlive/2024/texmf-dist/tex/generic/pgf/basiclayer/pgfcorescopes.code.tex
File: pgfcorescopes.code.tex 2023-01-15 v3.1.10 (3.1.10)
\pgfpic=\box69
\pgf@hbox=\box70
\pgf@layerbox@main=\box71
\pgf@picture@serial@count=\count363
) (/usr/local/texlive/2024/texmf-dist/tex/generic/pgf/basiclayer/pgfcoregraphicstate.code.tex
File: pgfcoregraphicstate.code.tex 2023-01-15 v3.1.10 (3.1.10)
\pgflinewidth=\dimen274
) (/usr/local/texlive/2024/texmf-dist/tex/generic/pgf/basiclayer/pgfcoretransformations.code.tex
File: pgfcoretransformations.code.tex 2023-01-15 v3.1.10 (3.1.10)
\pgf@pt@x=\dimen275
\pgf@pt@y=\dimen276
\pgf@pt@temp=\dimen277
) (/usr/local/texlive/2024/texmf-dist/tex/generic/pgf/basiclayer/pgfcorequick.code.tex
File: pgfcorequick.code.tex 2023-01-15 v3.1.10 (3.1.10)
) (/usr/local/texlive/2024/texmf-dist/tex/generic/pgf/basiclayer/pgfcoreobjects.code.tex
File: pgfcoreobjects.code.tex 2023-01-15 v3.1.10 (3.1.10)
) (/usr/local/texlive/2024/texmf-dist/tex/generic/pgf/basiclayer/pgfcorepathprocessing.code.tex
File: pgfcorepathprocessing.code.tex 2023-01-15 v3.1.10 (3.1.10)
) (/usr/local/texlive/2024/texmf-dist/tex/generic/pgf/basiclayer/pgfcorearrows.code.tex
File: pgfcorearrows.code.tex 2023-01-15 v3.1.10 (3.1.10)
\pgfarrowsep=\dimen278
) (/usr/local/texlive/2024/texmf-dist/tex/generic/pgf/basiclayer/pgfcoreshade.code.tex
File: pgfcoreshade.code.tex 2023-01-15 v3.1.10 (3.1.10)
\pgf@max=\dimen279
\pgf@sys@shading@range@num=\count364
\pgf@shadingcount=\count365
) (/usr/local/texlive/2024/texmf-dist/tex/generic/pgf/basiclayer/pgfcoreimage.code.tex
File: pgfcoreimage.code.tex 2023-01-15 v3.1.10 (3.1.10)
) (/usr/local/texlive/2024/texmf-dist/tex/generic/pgf/basiclayer/pgfcoreexternal.code.tex
File: pgfcoreexternal.code.tex 2023-01-15 v3.1.10 (3.1.10)
\pgfexternal@startupbox=\box72
) (/usr/local/texlive/2024/texmf-dist/tex/generic/pgf/basiclayer/pgfcorelayers.code.tex
File: pgfcorelayers.code.tex 2023-01-15 v3.1.10 (3.1.10)
) (/usr/local/texlive/2024/texmf-dist/tex/generic/pgf/basiclayer/pgfcoretransparency.code.tex
File: pgfcoretransparency.code.tex 2023-01-15 v3.1.10 (3.1.10)
) (/usr/local/texlive/2024/texmf-dist/tex/generic/pgf/basiclayer/pgfcorepatterns.code.tex
File: pgfcorepatterns.code.tex 2023-01-15 v3.1.10 (3.1.10)
) (/usr/local/texlive/2024/texmf-dist/tex/generic/pgf/basiclayer/pgfcorerdf.code.tex
File: pgfcorerdf.code.tex 2023-01-15 v3.1.10 (3.1.10)
))) (/usr/local/texlive/2024/texmf-dist/tex/generic/pgf/modules/pgfmoduleshapes.code.tex
File: pgfmoduleshapes.code.tex 2023-01-15 v3.1.10 (3.1.10)
\pgfnodeparttextbox=\box73
) (/usr/local/texlive/2024/texmf-dist/tex/generic/pgf/modules/pgfmoduleplot.code.tex
File: pgfmoduleplot.code.tex 2023-01-15 v3.1.10 (3.1.10)
) (/usr/local/texlive/2024/texmf-dist/tex/latex/pgf/compatibility/pgfcomp-version-0-65.sty
Package: pgfcomp-version-0-65 2023-01-15 v3.1.10 (3.1.10)
\pgf@nodesepstart=\dimen280
\pgf@nodesepend=\dimen281
) (/usr/local/texlive/2024/texmf-dist/tex/latex/pgf/compatibility/pgfcomp-version-1-18.sty
Package: pgfcomp-version-1-18 2023-01-15 v3.1.10 (3.1.10)
)) (/usr/local/texlive/2024/texmf-dist/tex/latex/pgf/utilities/pgffor.sty (/usr/local/texlive/2024/texmf-dist/tex/latex/pgf/utilities/pgfkeys.sty (/usr/local/texlive/2024/texmf-dist/tex/generic/pgf/utilities/pgfkeys.code.tex)) (/usr/local/texlive/2024/texmf-dist/tex/latex/pgf/math/pgfmath.sty (/usr/local/texlive/2024/texmf-dist/tex/generic/pgf/math/pgfmath.code.tex)) (/usr/local/texlive/2024/texmf-dist/tex/generic/pgf/utilities/pgffor.code.tex
Package: pgffor 2023-01-15 v3.1.10 (3.1.10)
\pgffor@iter=\dimen282
\pgffor@skip=\dimen283
\pgffor@stack=\toks57
\pgffor@toks=\toks58
)) (/usr/local/texlive/2024/texmf-dist/tex/generic/pgf/frontendlayer/tikz/tikz.code.tex
Package: tikz 2023-01-15 v3.1.10 (3.1.10)
 (/usr/local/texlive/2024/texmf-dist/tex/generic/pgf/libraries/pgflibraryplothandlers.code.tex
File: pgflibraryplothandlers.code.tex 2023-01-15 v3.1.10 (3.1.10)
\pgf@plot@mark@count=\count366
\pgfplotmarksize=\dimen284
)
\tikz@lastx=\dimen285
\tikz@lasty=\dimen286
\tikz@lastxsaved=\dimen287
\tikz@lastysaved=\dimen288
\tikz@lastmovetox=\dimen289
\tikz@lastmovetoy=\dimen290
\tikzleveldistance=\dimen291
\tikzsiblingdistance=\dimen292
\tikz@figbox=\box74
\tikz@figbox@bg=\box75
\tikz@tempbox=\box76
\tikz@tempbox@bg=\box77
\tikztreelevel=\count367
\tikznumberofchildren=\count368
\tikznumberofcurrentchild=\count369
\tikz@fig@count=\count370
 (/usr/local/texlive/2024/texmf-dist/tex/generic/pgf/modules/pgfmodulematrix.code.tex
File: pgfmodulematrix.code.tex 2023-01-15 v3.1.10 (3.1.10)
\pgfmatrixcurrentrow=\count371
\pgfmatrixcurrentcolumn=\count372
\pgf@matrix@numberofcolumns=\count373
)
\tikz@expandcount=\count374
 (/usr/local/texlive/2024/texmf-dist/tex/generic/pgf/frontendlayer/tikz/libraries/tikzlibrarytopaths.code.tex
File: tikzlibrarytopaths.code.tex 2023-01-15 v3.1.10 (3.1.10)
))) (/usr/local/texlive/2024/texmf-dist/tex/latex/pgfopts/pgfopts.sty
Package: pgfopts 2014/07/10 v2.1a LaTeX package options with pgfkeys
\pgfopts@list@add@a@toks=\toks59
\pgfopts@list@add@b@toks=\toks60
)
Package: pgfornament 2020/05/26 v1.2 vector ornaments
 (/usr/local/texlive/2024/texmf-dist/tex/latex/pgfornament/pgflibraryvectorian.code.tex
2020/04/06 1.1 pgflibraryvectorian.code.tex
)) (/usr/local/texlive/2024/texmf-dist/tex/latex/pgfplots/pgfplots.sty (/usr/local/texlive/2024/texmf-dist/tex/generic/pgfplots/pgfplots.revision.tex)
Package: pgfplots 2021/05/15 v1.18.1 Data Visualization (1.18.1)
 (/usr/local/texlive/2024/texmf-dist/tex/generic/pgfplots/pgfplots.code.tex (/usr/local/texlive/2024/texmf-dist/tex/generic/pgfplots/pgfplotscore.code.tex
Package pgfplots info on input line 124: Initializing with LUA version Lua 5.3
\pgfplots@luabackend@table=\catcodetable14
\t@pgfplots@toka=\toks61
\t@pgfplots@tokb=\toks62
\t@pgfplots@tokc=\toks63
\pgfplots@tmpa=\dimen293
\c@pgfplots@coordindex=\count375
\c@pgfplots@scanlineindex=\count376
 (/usr/local/texlive/2024/texmf-dist/tex/generic/pgfplots/sys/pgfplotssysgeneric.code.tex)) (/usr/local/texlive/2024/texmf-dist/tex/generic/pgfplots/libs/pgfplotslibrary.code.tex) (/usr/local/texlive/2024/texmf-dist/tex/generic/pgfplots/oldpgfcompatib/pgfplotsoldpgfsupp_loader.code.tex (/usr/local/texlive/2024/texmf-dist/tex/generic/pgf/libraries/pgflibraryfpu.code.tex)
Package pgfplots: loading complementary utilities for your pgf version...
\t@pgf@toka=\toks64
\t@pgf@tokb=\toks65
\t@pgf@tokc=\toks66
(/usr/local/texlive/2024/texmf-dist/tex/generic/pgfplots/oldpgfcompatib/pgfplotsoldpgfsupp_pgfutil-common-lists.tex) (/usr/local/texlive/2024/texmf-dist/tex/generic/pgf/libraries/luamath/pgflibraryluamath.code.tex)
Package pgfplots info on input line 290: luamath library shipped with pgf 3.1.10 is up-to-date
) (/usr/local/texlive/2024/texmf-dist/tex/generic/pgfplots/util/pgfplotsutil.code.tex
Package pgfplots info on input line 82: Found new luatex: initializing lua commands instead of write18 (shell-escape)
 (/usr/local/texlive/2024/texmf-dist/tex/generic/pgfplots/liststructure/pgfplotsliststructure.code.tex) (/usr/local/texlive/2024/texmf-dist/tex/generic/pgfplots/liststructure/pgfplotsliststructureext.code.tex) (/usr/local/texlive/2024/texmf-dist/tex/generic/pgfplots/liststructure/pgfplotsarray.code.tex
\c@pgfplotsarray@tmp=\count377
) (/usr/local/texlive/2024/texmf-dist/tex/generic/pgfplots/liststructure/pgfplotsmatrix.code.tex) (/usr/local/texlive/2024/texmf-dist/tex/generic/pgfplots/numtable/pgfplotstableshared.code.tex
\c@pgfplotstable@counta=\count378
\t@pgfplotstable@a=\toks67
) (/usr/local/texlive/2024/texmf-dist/tex/generic/pgfplots/liststructure/pgfplotsdeque.code.tex) (/usr/local/texlive/2024/texmf-dist/tex/generic/pgfplots/util/pgfplotsbinary.code.tex (/usr/local/texlive/2024/texmf-dist/tex/generic/pgfplots/util/pgfplotsbinary.data.code.tex)) (/usr/local/texlive/2024/texmf-dist/tex/generic/pgfplots/util/pgfplotsutil.verb.code.tex) (/usr/local/texlive/2024/texmf-dist/tex/generic/pgfplots/libs/pgflibrarypgfplots.surfshading.code.tex
\c@pgfplotslibrarysurf@no=\count379
 (/usr/local/texlive/2024/texmf-dist/tex/generic/pgfplots/sys/pgflibrarypgfplots.surfshading.pgfsys-luatex.def))) (/usr/local/texlive/2024/texmf-dist/tex/generic/pgfplots/util/pgfplotscolormap.code.tex (/usr/local/texlive/2024/texmf-dist/tex/generic/pgfplots/util/pgfplotscolor.code.tex)) (/usr/local/texlive/2024/texmf-dist/tex/generic/pgfplots/pgfplotsstackedplots.code.tex) (/usr/local/texlive/2024/texmf-dist/tex/generic/pgfplots/pgfplotsplothandlers.code.tex (/usr/local/texlive/2024/texmf-dist/tex/generic/pgfplots/pgfplotsmeshplothandler.code.tex (/usr/local/texlive/2024/texmf-dist/tex/generic/pgfplots/pgfplotsmeshplotimage.code.tex))) (/usr/local/texlive/2024/texmf-dist/tex/generic/pgfplots/pgfplots.scaling.code.tex) (/usr/local/texlive/2024/texmf-dist/tex/generic/pgfplots/pgfplotscoordprocessing.code.tex) (/usr/local/texlive/2024/texmf-dist/tex/generic/pgfplots/pgfplots.errorbars.code.tex) (/usr/local/texlive/2024/texmf-dist/tex/generic/pgfplots/pgfplots.markers.code.tex) (/usr/local/texlive/2024/texmf-dist/tex/generic/pgfplots/pgfplotsticks.code.tex) (/usr/local/texlive/2024/texmf-dist/tex/generic/pgfplots/pgfplots.paths.code.tex) (/usr/local/texlive/2024/texmf-dist/tex/generic/pgf/frontendlayer/tikz/libraries/tikzlibrarydecorations.code.tex (/usr/local/texlive/2024/texmf-dist/tex/generic/pgf/modules/pgfmoduledecorations.code.tex
\pgfdecoratedcompleteddistance=\dimen294
\pgfdecoratedremainingdistance=\dimen295
\pgfdecoratedinputsegmentcompleteddistance=\dimen296
\pgfdecoratedinputsegmentremainingdistance=\dimen297
\pgf@decorate@distancetomove=\dimen298
\pgf@decorate@repeatstate=\count380
\pgfdecorationsegmentamplitude=\dimen299
\pgfdecorationsegmentlength=\dimen300
)
\tikz@lib@dec@box=\box78
) (/usr/local/texlive/2024/texmf-dist/tex/generic/pgf/frontendlayer/tikz/libraries/tikzlibrarydecorations.pathmorphing.code.tex (/usr/local/texlive/2024/texmf-dist/tex/generic/pgf/libraries/decorations/pgflibrarydecorations.pathmorphing.code.tex)) (/usr/local/texlive/2024/texmf-dist/tex/generic/pgf/frontendlayer/tikz/libraries/tikzlibrarydecorations.pathreplacing.code.tex (/usr/local/texlive/2024/texmf-dist/tex/generic/pgf/libraries/decorations/pgflibrarydecorations.pathreplacing.code.tex)) (/usr/local/texlive/2024/texmf-dist/tex/generic/pgfplots/libs/tikzlibrarypgfplots.contourlua.code.tex)
\pgfplots@numplots=\count381
\pgfplots@xmin@reg=\dimen301
\pgfplots@xmax@reg=\dimen302
\pgfplots@ymin@reg=\dimen303
\pgfplots@ymax@reg=\dimen304
\pgfplots@zmin@reg=\dimen305
\pgfplots@zmax@reg=\dimen306
) (/usr/local/texlive/2024/texmf-dist/tex/generic/pgf/frontendlayer/tikz/libraries/tikzlibraryplotmarks.code.tex
File: tikzlibraryplotmarks.code.tex 2023-01-15 v3.1.10 (3.1.10)
 (/usr/local/texlive/2024/texmf-dist/tex/generic/pgf/libraries/pgflibraryplotmarks.code.tex
File: pgflibraryplotmarks.code.tex 2023-01-15 v3.1.10 (3.1.10)
)))
Package csquotes Info: Checking for multilingual support...
Package csquotes Info: ... none found.
 (./main.aux)
\openout1 = main.aux

LaTeX Font Info:    Checking defaults for OML/cmm/m/it on input line 33.
LaTeX Font Info:    ... okay on input line 33.
LaTeX Font Info:    Checking defaults for OMS/cmsy/m/n on input line 33.
LaTeX Font Info:    ... okay on input line 33.
LaTeX Font Info:    Checking defaults for OT1/cmr/m/n on input line 33.
LaTeX Font Info:    ... okay on input line 33.
LaTeX Font Info:    Checking defaults for T1/cmr/m/n on input line 33.
LaTeX Font Info:    ... okay on input line 33.
LaTeX Font Info:    Checking defaults for TS1/cmr/m/n on input line 33.
LaTeX Font Info:    ... okay on input line 33.
LaTeX Font Info:    Checking defaults for TU/lmr/m/n on input line 33.
LaTeX Font Info:    ... okay on input line 33.
LaTeX Font Info:    Checking defaults for OMX/cmex/m/n on input line 33.
LaTeX Font Info:    ... okay on input line 33.
LaTeX Font Info:    Checking defaults for U/cmr/m/n on input line 33.
LaTeX Font Info:    ... okay on input line 33.
LaTeX Font Info:    Checking defaults for PD1/pdf/m/n on input line 33.
LaTeX Font Info:    ... okay on input line 33.
LaTeX Font Info:    Checking defaults for PU/pdf/m/n on input line 33.
LaTeX Font Info:    ... okay on input line 33.

*geometry* driver: auto-detecting
*geometry* detected driver: luatex
*geometry* verbose mode - [ preamble ] result:
* driver: luatex
* paper: <default>
* layout: <same size as paper>
* layoutoffset:(h,v)=(0.0pt,0.0pt)
* modes: twoside 
* h-part:(L,W,R)=(36.135pt, 542.02501pt, 36.135pt)
* v-part:(T,H,B)=(36.135pt, 663.43762pt, 95.39737pt)
* \paperwidth=614.295pt
* \paperheight=794.96999pt
* \textwidth=542.02501pt
* \textheight=663.43762pt
* \oddsidemargin=-36.135pt
* \evensidemargin=-36.135pt
* \topmargin=-68.00879pt
* \headheight=12.0pt
* \headsep=19.8738pt
* \topskip=12.0pt
* \footskip=30.0pt
* \marginparwidth=98.0pt
* \marginparsep=7.0pt
* \columnsep=10.0pt
* \skip\footins=10.8pt plus 4.0pt minus 2.0pt
* \hoffset=0.0pt
* \voffset=0.0pt
* \mag=1000
* \@twocolumnfalse
* \@twosidetrue
* \@mparswitchtrue
* \@reversemarginfalse
* (1in=72.27pt=25.4mm, 1cm=28.453pt)

(/usr/local/texlive/2024/texmf-dist/tex/context/base/mkii/supp-pdf.mkii
[Loading MPS to PDF converter (version 2006.09.02).]
\scratchcounter=\count382
\scratchdimen=\dimen307
\scratchbox=\box79
\nofMPsegments=\count383
\nofMParguments=\count384
\everyMPshowfont=\toks68
\MPscratchCnt=\count385
\MPscratchDim=\dimen308
\MPnumerator=\count386
\makeMPintoPDFobject=\count387
\everyMPtoPDFconversion=\toks69
) (/usr/local/texlive/2024/texmf-dist/tex/latex/epstopdf-pkg/epstopdf-base.sty
Package: epstopdf-base 2020-01-24 v2.11 Base part for package epstopdf
Package epstopdf-base Info: Redefining graphics rule for `.eps' on input line 485.
 (/usr/local/texlive/2024/texmf-dist/tex/latex/latexconfig/epstopdf-sys.cfg
File: epstopdf-sys.cfg 2010/07/13 v1.3 Configuration of (r)epstopdf for TeX Live
)) (/usr/local/texlive/2024/texmf-dist/tex/latex/fmtcount/fc-english.def
File: fc-english.def 2016/01/12
)
Package hyperref Info: Link coloring OFF on input line 33.
 (./main.out) (./main.out)
\@outlinefile=\write8

\openout8 = main.out

Package pgfplots notification 'compat/show suggested version=true': document has been generated with the most recent feature set (\pgfplotsset{compat=1.18}).

LaTeX Font Info:    Font shape `TU/CenturymodernTT-Regular.otf(0)/m/n' will be
(Font)              scaled to size 22.81412pt on input line 36.
LaTeX Font Info:    Font shape `TU/CenturymodernTT-Regular.otf(0)/m/n' will be
(Font)              scaled to size 15.84007pt on input line 36.
LaTeX Font Info:    Font shape `TU/NewCMMath-Book-custom2.otf(1)/m/n' will be
(Font)              scaled to size 15.84007pt on input line 36.
LaTeX Font Info:    Font shape `TU/NewCMMath-Book-custom2.otf(1)/m/n' will be
(Font)              scaled to size 11.00006pt on input line 36.
LaTeX Font Info:    Font shape `TU/NewCMMath-Book-custom2.otf(1)/m/n' will be
(Font)              scaled to size 7.70004pt on input line 36.
LaTeX Font Info:    Font shape `TU/NewCMMath-Book-custom2.otf(2)/m/n' will be
(Font)              scaled to size 15.84007pt on input line 36.
LaTeX Font Info:    Font shape `TU/NewCMMath-Book-custom2.otf(2)/m/n' will be
(Font)              scaled to size 11.00006pt on input line 36.
LaTeX Font Info:    Font shape `TU/NewCMMath-Book-custom2.otf(2)/m/n' will be
(Font)              scaled to size 7.70004pt on input line 36.
LaTeX Font Info:    Font shape `TU/NewCMMath-Book-custom2.otf(3)/m/n' will be
(Font)              scaled to size 15.84007pt on input line 36.
LaTeX Font Info:    Font shape `TU/NewCMMath-Book-custom2.otf(3)/m/n' will be
(Font)              scaled to size 11.00006pt on input line 36.
LaTeX Font Info:    Font shape `TU/NewCMMath-Book-custom2.otf(3)/m/n' will be
(Font)              scaled to size 7.70004pt on input line 36.
LaTeX Font Info:    Font shape `TU/CenturymodernTT-Italic.otf(0)/m/n' will be
(Font)              scaled to size 15.84007pt on input line 36.
LaTeX Font Info:    Font shape `TU/CenturymodernTT-Italic.otf(0)/m/n' will be
(Font)              scaled to size 11.00006pt on input line 36.
LaTeX Font Info:    Font shape `TU/CenturymodernTT-Italic.otf(0)/m/n' will be
(Font)              scaled to size 7.70004pt on input line 36.
LaTeX Font Info:    Font shape `TU/CenturymodernTT-Regular.otf(2)/m/n' will be
(Font)              scaled to size 15.84007pt on input line 36.
LaTeX Font Info:    Font shape `TU/CenturymodernTT-Regular.otf(2)/m/n' will be
(Font)              scaled to size 11.00006pt on input line 36.
LaTeX Font Info:    Font shape `TU/CenturymodernTT-Regular.otf(2)/m/n' will be
(Font)              scaled to size 7.70004pt on input line 36.
[1


\openout5 = main.ist


{/usr/local/texlive/2024/texmf-var/fonts/map/pdftex/updmap/pdftex.map}]
LaTeX Font Info:    Font shape `TU/CenturymodernTT-Regular.otf(0)/m/sl' in size <12> not available
(Font)              Font shape `TU/CenturymodernTT-Regular.otf(0)/m/it' tried instead on input line 47.
LaTeX Font Info:    Font shape `TU/CenturymodernTT-Regular.otf(0)/m/it' will be
(Font)              scaled to size 13.20007pt on input line 47.


Package fancyhdr Warning: \headheight is too small (12.0pt): 
(fancyhdr)                Make it at least 14.49998pt, for example:
(fancyhdr)                \setlength{\headheight}{14.49998pt}.
(fancyhdr)                You might also make \topmargin smaller to compensate:
(fancyhdr)                \addtolength{\topmargin}{-2.49998pt}.

[2]
<MiloOfficial.png, id=41, 508.90125pt x 448.67625pt>
File: MiloOfficial.png Graphic file (type png)
<use MiloOfficial.png>
Package luatex.def Info: MiloOfficial.png  used on input line 54.
(luatex.def)             Requested size: 254.45pt x 224.33757pt.


Package fancyhdr Warning: \headheight is too small (12.0pt): 
(fancyhdr)                Make it at least 14.49998pt, for example:
(fancyhdr)                \setlength{\headheight}{14.49998pt}.
(fancyhdr)                You might also make \topmargin smaller to compensate:
(fancyhdr)                \addtolength{\topmargin}{-2.49998pt}.

[3<./MiloOfficial.png>]

Package fancyhdr Warning: \headheight is too small (12.0pt): 
(fancyhdr)                Make it at least 14.49998pt, for example:
(fancyhdr)                \setlength{\headheight}{14.49998pt}.
(fancyhdr)                You might also make \topmargin smaller to compensate:
(fancyhdr)                \addtolength{\topmargin}{-2.49998pt}.

[4

]
LaTeX Font Info:    Font shape `TU/CenturymodernTT-Regular.otf(0)/m/n' will be
(Font)              scaled to size 27.36815pt on input line 58.
LaTeX Font Info:    Font shape `TU/CenturymodernTT-Regular.otf(0)/m/n' will be
(Font)              scaled to size 9.24004pt on input line 63.
LaTeX Font Info:    Font shape `TU/gabriele-bad.ttf(0)/m/n' will be
(Font)              scaled to size 11.39996pt on input line 63.

Underfull \hbox (badness 10000) in paragraph at lines 65--66

 []

[5]
LaTeX Font Info:    Font shape `TU/CenturymodernTT-Regular.otf(0)/b/n' will be
(Font)              scaled to size 27.36815pt on input line 72.

Underfull \hbox (badness 10000) in paragraph at lines 72--72

 []

LaTeX Font Info:    Font shape `TU/NewCMMath-Book-custom2.otf(1)/m/n' will be
(Font)              scaled to size 27.36815pt on input line 72.
LaTeX Font Info:    Font shape `TU/NewCMMath-Book-custom2.otf(1)/m/n' will be
(Font)              scaled to size 22.81412pt on input line 72.
LaTeX Font Info:    Font shape `TU/NewCMMath-Book-custom2.otf(1)/m/n' will be
(Font)              scaled to size 19.0081pt on input line 72.
LaTeX Font Info:    Font shape `TU/NewCMMath-Book-custom2.otf(2)/m/n' will be
(Font)              scaled to size 27.36815pt on input line 72.
LaTeX Font Info:    Font shape `TU/NewCMMath-Book-custom2.otf(2)/m/n' will be
(Font)              scaled to size 22.81412pt on input line 72.
LaTeX Font Info:    Font shape `TU/NewCMMath-Book-custom2.otf(2)/m/n' will be
(Font)              scaled to size 19.0081pt on input line 72.
LaTeX Font Info:    Font shape `TU/NewCMMath-Book-custom2.otf(3)/m/n' will be
(Font)              scaled to size 27.36815pt on input line 72.
LaTeX Font Info:    Font shape `TU/NewCMMath-Book-custom2.otf(3)/m/n' will be
(Font)              scaled to size 22.81412pt on input line 72.
LaTeX Font Info:    Font shape `TU/NewCMMath-Book-custom2.otf(3)/m/n' will be
(Font)              scaled to size 19.0081pt on input line 72.
LaTeX Font Info:    Font shape `TU/CenturymodernTT-Italic.otf(0)/m/n' will be
(Font)              scaled to size 27.36815pt on input line 72.
LaTeX Font Info:    Font shape `TU/CenturymodernTT-Italic.otf(0)/m/n' will be
(Font)              scaled to size 22.81412pt on input line 72.
LaTeX Font Info:    Font shape `TU/CenturymodernTT-Italic.otf(0)/m/n' will be
(Font)              scaled to size 19.0081pt on input line 72.
LaTeX Font Info:    Font shape `TU/CenturymodernTT-Regular.otf(2)/m/n' will be
(Font)              scaled to size 27.36815pt on input line 72.
LaTeX Font Info:    Font shape `TU/CenturymodernTT-Regular.otf(2)/m/n' will be
(Font)              scaled to size 22.81412pt on input line 72.
LaTeX Font Info:    Font shape `TU/CenturymodernTT-Regular.otf(2)/m/n' will be
(Font)              scaled to size 19.0081pt on input line 72.
(./main.toc)
\tf@toc=\write9

\openout9 = main.toc
 [6]
Chapter I.
LaTeX Font Info:    Font shape `TU/CenturymodernTT-Regular.otf(0)/m/sc' will be
(Font)              scaled to size 13.20007pt on input line 85.

Underfull \hbox (badness 10000) in paragraph at lines 85--85

 []


Overfull \hbox (10.496pt too wide) in paragraph at lines 78--93
[] 
 []


Overfull \hbox (6.79999pt too wide) in paragraph at lines 78--93
[] 
 []


Underfull \hbox (badness 10000) in paragraph at lines 78--93

 []


Underfull \vbox (badness 10000) has occurred while \output is active []

 [1


] (/usr/local/texlive/2024/texmf-dist/tex/generic/pgfornament/vectorian/vectorian85.pgf)
LaTeX Font Info:    Font shape `TU/CenturymodernTT-Regular.otf(0)/m/n' will be
(Font)              scaled to size 11.00006pt on input line 99.
LaTeX Font Info:    Font shape `TU/NewCMMath-Book-custom2.otf(1)/m/n' will be
(Font)              scaled to size 5.50003pt on input line 99.
LaTeX Font Info:    Font shape `TU/NewCMMath-Book-custom2.otf(2)/m/n' will be
(Font)              scaled to size 5.50003pt on input line 99.
LaTeX Font Info:    Font shape `TU/NewCMMath-Book-custom2.otf(3)/m/n' will be
(Font)              scaled to size 5.50003pt on input line 99.
LaTeX Font Info:    Font shape `TU/CenturymodernTT-Italic.otf(0)/m/n' will be
(Font)              scaled to size 5.50003pt on input line 99.
LaTeX Font Info:    Font shape `TU/CenturymodernTT-Regular.otf(2)/m/n' will be
(Font)              scaled to size 5.50003pt on input line 99.
LaTeX Font Info:    Font shape `TU/CenturymodernTT-Regular.otf(0)/m/n' will be
(Font)              scaled to size 7.70004pt on input line 99.
LaTeX Font Info:    Font shape `TU/CenturymodernTT-Regular.otf(0)/m/n' will be
(Font)              scaled to size 12.04506pt on input line 105.
LaTeX Font Info:    Font shape `TU/CenturymodernTT-Regular.otf(0)/m/it' will be
(Font)              scaled to size 12.04506pt on input line 105.


Package fancyhdr Warning: \headheight is too small (12.0pt): 
(fancyhdr)                Make it at least 14.49998pt, for example:
(fancyhdr)                \setlength{\headheight}{14.49998pt}.
(fancyhdr)                You might also make \topmargin smaller to compensate:
(fancyhdr)                \addtolength{\topmargin}{-2.49998pt}.

[2]
Chapter II.
LaTeX Font Info:    Font shape `TU/CenturymodernTT-Regular.otf(0)/b/n' will be
(Font)              scaled to size 13.20007pt on input line 106.
[3

]

Package fancyhdr Warning: \headheight is too small (12.0pt): 
(fancyhdr)                Make it at least 14.49998pt, for example:
(fancyhdr)                \setlength{\headheight}{14.49998pt}.
(fancyhdr)                You might also make \topmargin smaller to compensate:
(fancyhdr)                \addtolength{\topmargin}{-2.49998pt}.

[4
warning  (pdf backend): ignoring duplicate destination with the name 'figure.2.1'
]
Chapter III.
<swordv1.png, id=99, 1626.075pt x 452.4403pt>
File: swordv1.png Graphic file (type png)
<use swordv1.png>
Package luatex.def Info: swordv1.png  used on input line 149.
(luatex.def)             Requested size: 542.02501pt x 150.81076pt.
<swordv2.png, id=100, 1702.86188pt x 659.46375pt>
File: swordv2.png Graphic file (type png)
<use swordv2.png>
Package luatex.def Info: swordv2.png  used on input line 153.
(luatex.def)             Requested size: 542.02501pt x 209.90569pt.
<swordv3.png, id=101, 1702.86188pt x 838.63312pt>
File: swordv3.png Graphic file (type png)
<use swordv3.png>
Package luatex.def Info: swordv3.png  used on input line 157.
(luatex.def)             Requested size: 542.02501pt x 266.93486pt.

Underfull \vbox (badness 10000) has occurred while \output is active []

 [5


warning  (pdf backend): ignoring duplicate destination with the name 'figure.3.1'
<./swordv1.png>]
<swordv4.png, id=109, 3441.85875pt x 1564.34438pt>
File: swordv4.png Graphic file (type png)
<use swordv4.png>
Package luatex.def Info: swordv4.png  used on input line 161.
(luatex.def)             Requested size: 542.02501pt x 246.3378pt.


Package fancyhdr Warning: \headheight is too small (12.0pt): 
(fancyhdr)                Make it at least 14.49998pt, for example:
(fancyhdr)                \setlength{\headheight}{14.49998pt}.
(fancyhdr)                You might also make \topmargin smaller to compensate:
(fancyhdr)                \addtolength{\topmargin}{-2.49998pt}.

[6
warning  (pdf backend): ignoring duplicate destination with the name 'figure.3.2'

warning  (pdf backend): ignoring duplicate destination with the name 'figure.3.3'
<./swordv2.png><./swordv3.png>]

Package glossaries Warning: No \printglossary or \printglossaries found. 
(Remove \makeglossaries if you don't want any glossaries.) 
This document will not have a glossary.

LaTeX Font Info:    Font shape `TU/NewCMMath-Book-custom2.otf(1)/m/n' will be
(Font)              scaled to size 12.04506pt on input line 172.
LaTeX Font Info:    Font shape `TU/NewCMMath-Book-custom2.otf(1)/m/n' will be
(Font)              scaled to size 8.80005pt on input line 172.
LaTeX Font Info:    Font shape `TU/NewCMMath-Book-custom2.otf(2)/m/n' will be
(Font)              scaled to size 12.04506pt on input line 172.
LaTeX Font Info:    Font shape `TU/NewCMMath-Book-custom2.otf(2)/m/n' will be
(Font)              scaled to size 8.80005pt on input line 172.
LaTeX Font Info:    Font shape `TU/NewCMMath-Book-custom2.otf(3)/m/n' will be
(Font)              scaled to size 12.04506pt on input line 172.
LaTeX Font Info:    Font shape `TU/NewCMMath-Book-custom2.otf(3)/m/n' will be
(Font)              scaled to size 8.80005pt on input line 172.
LaTeX Font Info:    Font shape `TU/CenturymodernTT-Italic.otf(0)/m/n' will be
(Font)              scaled to size 12.04506pt on input line 172.
LaTeX Font Info:    Font shape `TU/CenturymodernTT-Italic.otf(0)/m/n' will be
(Font)              scaled to size 8.80005pt on input line 172.
LaTeX Font Info:    Font shape `TU/CenturymodernTT-Regular.otf(2)/m/n' will be
(Font)              scaled to size 12.04506pt on input line 172.
LaTeX Font Info:    Font shape `TU/CenturymodernTT-Regular.otf(2)/m/n' will be
(Font)              scaled to size 8.80005pt on input line 172.

Package fancyhdr Warning: \headheight is too small (12.0pt): 
(fancyhdr)                Make it at least 14.49998pt, for example:
(fancyhdr)                \setlength{\headheight}{14.49998pt}.
(fancyhdr)                You might also make \topmargin smaller to compensate:
(fancyhdr)                \addtolength{\topmargin}{-2.49998pt}.

[7
warning  (pdf backend): ignoring duplicate destination with the name 'figure.3.4'
<./swordv4.png>] (./main.aux)
 ***********
LaTeX2e <2023-11-01> patch level 1
L3 programming layer <2024-03-14>
 ***********
Package rerunfilecheck Info: File `main.out' has not changed.
(rerunfilecheck)             Checksum: C9BC0ACE3E1A947F67908320B903F449;1196.
)

Here is how much of LuaTeX's memory you used:
 46012 strings out of 476435
 305495,4921788 words of node,token memory allocated
 788 words of node memory still in use:
   6 hlist, 2 vlist, 2 rule, 5 glue, 4 kern, 1 glyph, 11 attribute, 104 glue_spec, 11 attribute_list, 2 write nodes
   avail lists: 1:5,2:43641,3:43413,4:33,5:79,6:31,7:6007,8:2,9:320,10:28,11:438
 66943 multiletter control sequences out of 65536+600000
 153 fonts using 63800579 bytes
 125i,13n,117p,2415b,2946s stack positions out of 10000i,1000n,20000p,1004467b,200000s

warning  (pdf backend): unreferenced destination with name 'Hfootnote.3'

warning  (pdf backend): unreferenced destination with name 'Hfootnote.2'

warning  (pdf backend): unreferenced destination with name 'Hfootnote.1'
<./CenturymodernTT-SC.otf><./CenturymodernTT-Regular.otf><./gabriele-bad.ttf><./CenturymodernTT-Italic.otf><./CenturymodernTT-Regular.otf>
Output written on main.pdf (13 pages, 1797597 bytes).

PDF statistics: 161 PDF objects out of 1000 (max. 8388607)
 119 compressed objects within 2 object streams
 29 named destinations out of 1000 (max. 131072)
 64 words of extra memory for PDF output out of 10000 (max. 100000000)

